#
# A fatal error has been detected by the Java Runtime Environment:
#
#  SIGSEGV (0xb) at pc=0x00007f0be27edac8, pid=100170, tid=0x00007f0c337ff640
#
# JRE version: OpenJDK Runtime Environment (8.0_382-b05) (build 1.8.0_382-8u382-ga-1~22.04.1-b05)
# Java VM: OpenJDK 64-Bit Server VM (25.382-b05 mixed mode linux-amd64 compressed oops)
# Problematic frame:
# C  [libnvidia-glcore.so.535.86.05+0x15edac8]
#
# Failed to write core dump. Core dumps have been disabled. To enable core dumping, try "ulimit -c unlimited" before starting Java again
#
# If you would like to submit a bug report, please visit:
#   http://bugreport.java.com/bugreport/crash.jsp
# The crash happened outside the Java Virtual Machine in native code.
# See problematic frame for where to report the bug.
#

---------------  T H R E A D  ---------------

Current thread (0x00007f0c2c00b800):  JavaThread "main" [_thread_in_native, id=100175, stack(0x00007f0c33700000,0x00007f0c33800000)]

siginfo: si_signo: 11 (SIGSEGV), si_code: 1 (SEGV_MAPERR), si_addr: 0x0000000000000004

Registers:
RAX=0x0000000000000000, RBX=0x00007f0c337fde00, RCX=0x0000000000000f40, RDX=0x0000000000000f44
RSP=0x00007f0c337fdbd8, RBP=0x000000000000066b, RSI=0x0000000000000004, RDI=0x00007f0b84fce020
R8 =0x00007f0be27fd3a0, R9 =0x0000000000000000, R10=0x0000000000000000, R11=0x0000000000000004
R12=0x00007f0be27fd3a0, R13=0x0000000000000000, R14=0x00007f0b84fcef60, R15=0x0000000000000001
RIP=0x00007f0be27edac8, EFLAGS=0x0000000000010206, CSGSFS=0x002b000000000033, ERR=0x0000000000000004
  TRAPNO=0x000000000000000e

Top of Stack: (sp=0x00007f0c337fdbd8)
0x00007f0c337fdbd8:   00007f0be281070f 0000000000000030
0x00007f0c337fdbe8:   0000000000000000 0000000000000004
0x00007f0c337fdbf8:   0000000000000000 0000000000000000
0x00007f0c337fdc08:   0000000000000000 00007f0c337fdc6f
0x00007f0c337fdc18:   0000000000000000 0000000000000000
0x00007f0c337fdc28:   00007f0c337fde00 000000000000066b
0x00007f0c337fdc38:   00000000413ff000 00007f0be234d060
0x00007f0c337fdc48:   0000000000000000 0000000000000001
0x00007f0c337fdc58:   00007f0be236072d 000000002fac90bb
0x00007f0c337fdc68:   000000010000066b 0000000000000001
0x00007f0c337fdc78:   00007f0c337fde00 00000000413ff000
0x00007f0c337fdc88:   00007f0be23606d0 00007f0be3dde060
0x00007f0c337fdc98:   00007f0c2cf6c260 0000000000000000
0x00007f0c337fdca8:   00007f0be23927fa 000000071f7e4040
0x00007f0c337fdcb8:   00000007194f6060 00007f0c337fe6d8
0x00007f0c337fdcc8:   4e889b6900000000 00007f0c2c00b800
0x00007f0c337fdcd8:   0000000000000001 00007f0c2c53c8b0
0x00007f0c337fdce8:   00007f0c2c00c0d0 00000005337f4f4f
0x00007f0c337fdcf8:   00007f0c2cf60000 0000000000000000
0x00007f0c337fdd08:   0000000000000000 0000000000000001
0x00007f0c337fdd18:   00000000413ff000 0000000000000000
0x00007f0c337fdd28:   0000000000000000 00007f0c337fde00
0x00007f0c337fdd38:   00007f0c2cf6c260 00007f0c2cf6d180
0x00007f0c337fdd48:   00007f0be24a75eb 000000071f7e3770
0x00007f0c337fdd58:   ffffffff000003dc 000000010000066b
0x00007f0c337fdd68:   00007f0c2c9911c0 00007f0be3ddefa0
0x00007f0c337fdd78:   0000000100002538 0000000100000000
0x00007f0c337fdd88:   0000000000000000 ffffffffffffffb8
0x00007f0c337fdd98:   00007f0c338a330c 000000071b98a578
0x00007f0c337fdda8:   00007f0c2c000090 000000071f7e3840
0x00007f0c337fddb8:   0000000400000004 ffffffff1f7e3840
0x00007f0c337fddc8:   4e889b698861c100 00007f0c2c00b800 

Instructions: (pc=0x00007f0be27edac8)
0x00007f0be27edaa8:   c6 0f 74 4c 48 85 c0 0f 85 cb 00 00 00 48 85 d2
0x00007f0be27edab8:   0f 84 be 00 00 00 48 c1 e2 06 48 01 f2 0f 1f 00
0x00007f0be27edac8:   0f 10 16 0f 10 4e 10 48 83 c6 40 48 83 c7 40 0f
0x00007f0be27edad8:   10 46 e0 0f 10 66 f0 0f 29 57 c0 0f 29 67 f0 0f 

Register to memory mapping:

RAX=0x0000000000000000 is an unknown value
RBX=0x00007f0c337fde00 is pointing into the stack for thread: 0x00007f0c2c00b800
RCX=0x0000000000000f40 is an unknown value
RDX=0x0000000000000f44 is an unknown value
RSP=0x00007f0c337fdbd8 is pointing into the stack for thread: 0x00007f0c2c00b800
RBP=0x000000000000066b is an unknown value
RSI=0x0000000000000004 is an unknown value
RDI=0x00007f0b84fce020 is an unknown value
R8 =0x00007f0be27fd3a0: <offset 0x15fd3a0> in /lib/x86_64-linux-gnu/libnvidia-glcore.so.535.86.05 at 0x00007f0be1200000
R9 =0x0000000000000000 is an unknown value
R10=0x0000000000000000 is an unknown value
R11=0x0000000000000004 is an unknown value
R12=0x00007f0be27fd3a0: <offset 0x15fd3a0> in /lib/x86_64-linux-gnu/libnvidia-glcore.so.535.86.05 at 0x00007f0be1200000
R13=0x0000000000000000 is an unknown value
R14=0x00007f0b84fcef60 is an unknown value
R15=0x0000000000000001 is an unknown value


Stack: [0x00007f0c33700000,0x00007f0c33800000],  sp=0x00007f0c337fdbd8,  free space=1014k
Native frames: (J=compiled Java code, j=interpreted, Vv=VM code, C=native code)
C  [libnvidia-glcore.so.535.86.05+0x15edac8]

Java frames: (J=compiled Java code, j=interpreted, Vv=VM code)
j  org.lwjgl.opengl.GL11C.nglTexImage2D(IIIIIIIIJ)V+0
j  org.lwjgl.opengl.GL11C.glTexImage2D(IIIIIIIIJ)V+14
j  org.lwjgl.opengl.GL11.glTexImage2D(IIIIIIIIJ)V+14
j  org.lwjglx.debug.$Proxy$14.glTexImage2D35(IIIIIIIIJI)V+36
j  lu.pcy113.pdr.engine.graph.Compositor.render(Llu/pcy113/pdr/engine/Window;)V+62
j  lu.pcy113.pdr.engine.GameEngine.run()V+277
j  lu.pcy113.pdr.engine.GameEngine.start()V+9
j  lu.pcy113.pdr.client.ClientMain.main([Ljava/lang/String;)V+93
v  ~StubRoutines::call_stub

---------------  P R O C E S S  ---------------

Java Threads: ( => current thread )
  0x00007f0c2c54d000 JavaThread "Service Thread" daemon [_thread_blocked, id=100205, stack(0x00007f0bea5f5000,0x00007f0bea6f5000)]
  0x00007f0c2c54a800 JavaThread "C1 CompilerThread11" daemon [_thread_blocked, id=100204, stack(0x00007f0bea6f6000,0x00007f0bea7f6000)]
  0x00007f0c2c548800 JavaThread "C1 CompilerThread10" daemon [_thread_blocked, id=100203, stack(0x00007f0bea7f7000,0x00007f0bea8f7000)]
  0x00007f0c2c546800 JavaThread "C1 CompilerThread9" daemon [_thread_blocked, id=100202, stack(0x00007f0bea8f8000,0x00007f0bea9f8000)]
  0x00007f0c2c545000 JavaThread "C1 CompilerThread8" daemon [_thread_blocked, id=100201, stack(0x00007f0bea9f9000,0x00007f0beaaf9000)]
  0x00007f0c2c562800 JavaThread "C2 CompilerThread7" daemon [_thread_blocked, id=100200, stack(0x00007f0beaafa000,0x00007f0beabfa000)]
  0x00007f0c2c560800 JavaThread "C2 CompilerThread6" daemon [_thread_blocked, id=100199, stack(0x00007f0beabfb000,0x00007f0beacfb000)]
  0x00007f0c2c55e800 JavaThread "C2 CompilerThread5" daemon [_thread_blocked, id=100198, stack(0x00007f0beacfc000,0x00007f0beadfc000)]
  0x00007f0c2c50f800 JavaThread "C2 CompilerThread4" daemon [_thread_in_native, id=100197, stack(0x00007f0beadfd000,0x00007f0beaefd000)]
  0x00007f0c2c50d800 JavaThread "C2 CompilerThread3" daemon [_thread_blocked, id=100196, stack(0x00007f0beaefe000,0x00007f0beaffe000)]
  0x00007f0c2c4ca800 JavaThread "C2 CompilerThread2" daemon [_thread_in_native, id=100195, stack(0x00007f0beafff000,0x00007f0beb0ff000)]
  0x00007f0c2c4c9800 JavaThread "C2 CompilerThread1" daemon [_thread_blocked, id=100194, stack(0x00007f0beb100000,0x00007f0beb200000)]
  0x00007f0c2c573000 JavaThread "C2 CompilerThread0" daemon [_thread_blocked, id=100193, stack(0x00007f0bf00d1000,0x00007f0bf01d1000)]
  0x00007f0c2c2b2800 JavaThread "Signal Dispatcher" daemon [_thread_blocked, id=100192, stack(0x00007f0bf0231000,0x00007f0bf0331000)]
  0x00007f0c2c283000 JavaThread "Finalizer" daemon [_thread_blocked, id=100191, stack(0x00007f0bf0331000,0x00007f0bf0431000)]
  0x00007f0c2c27e800 JavaThread "Reference Handler" daemon [_thread_blocked, id=100190, stack(0x00007f0bf0431000,0x00007f0bf0531000)]
=>0x00007f0c2c00b800 JavaThread "main" [_thread_in_native, id=100175, stack(0x00007f0c33700000,0x00007f0c33800000)]

Other Threads:
  0x00007f0c2c275000 VMThread [stack: 0x00007f0bf0532000,0x00007f0bf0632000] [id=100189]
  0x00007f0c2c54f800 WatcherThread [stack: 0x00007f0bea4f5000,0x00007f0bea5f5000] [id=100206]

VM state:not at safepoint (normal execution)

VM Mutex/Monitor currently owned by a thread: None

heap address: 0x00000005cb800000, size: 8008 MB, Compressed Oops mode: Zero based, Oop shift amount: 3
Narrow klass base: 0x0000000000000000, Narrow klass shift: 3
Compressed class space size: 1073741824 Address: 0x00000007c0000000

Heap:
 PSYoungGen      total 150016K, used 104526K [0x0000000719300000, 0x0000000723a00000, 0x00000007c0000000)
  eden space 129024K, 81% used [0x0000000719300000,0x000000071f913908,0x0000000721100000)
  from space 20992K, 0% used [0x0000000722580000,0x0000000722580000,0x0000000723a00000)
  to   space 20992K, 0% used [0x0000000721100000,0x0000000721100000,0x0000000722580000)
 ParOldGen       total 343040K, used 0K [0x00000005cb800000, 0x00000005e0700000, 0x0000000719300000)
  object space 343040K, 0% used [0x00000005cb800000,0x00000005cb800000,0x00000005e0700000)
 Metaspace       used 13869K, capacity 14162K, committed 14464K, reserved 1062912K
  class space    used 989K, capacity 1109K, committed 1152K, reserved 1048576K

Card table byte_map: [0x00007f0c3109b000,0x00007f0c32040000] byte_map_base: 0x00007f0c2e23f000

Marking Bits: (ParMarkBitMap*) 0x00007f0c335e7720
 Begin Bits: [0x00007f0bcc5c0000, 0x00007f0bd42e0000)
 End Bits:   [0x00007f0bd42e0000, 0x00007f0bdc000000)

Polling page: 0x00007f0c33c0b000

CodeCache: size=245760Kb used=7529Kb max_used=7529Kb free=238230Kb
 bounds [0x00007f0c1d000000, 0x00007f0c1d760000, 0x00007f0c2c000000]
 total_blobs=2531 nmethods=1427 adapters=1014
 compilation: enabled

Compilation events (10 events):
Event: 1,059 Thread 0x00007f0c2c545000 1425       3       java.lang.Long::<init> (10 bytes)
Event: 1,059 Thread 0x00007f0c2c545000 nmethod 1425 0x00007f0c1d74be50 code [0x00007f0c1d74bfc0, 0x00007f0c1d74c1d0]
Event: 1,059 Thread 0x00007f0c2c573000 1426       4       java.util.Formatter$Conversion::isGeneral (64 bytes)
Event: 1,060 Thread 0x00007f0c2c573000 nmethod 1426 0x00007f0c1d74d250 code [0x00007f0c1d74d5a0, 0x00007f0c1d74d618]
Event: 1,061 Thread 0x00007f0c2c546800 1427       3       org.lwjglx.debug.RT::checkGlfwInitialized (36 bytes)
Event: 1,061 Thread 0x00007f0c2c546800 nmethod 1427 0x00007f0c1d74f990 code [0x00007f0c1d74fb80, 0x00007f0c1d750468]
Event: 1,062 Thread 0x00007f0c2c548800 1428       3       org.lwjglx.debug.MethodCall::paramEnum (16 bytes)
Event: 1,063 Thread 0x00007f0c2c548800 nmethod 1428 0x00007f0c1d74d690 code [0x00007f0c1d74d820, 0x00007f0c1d74db68]
Event: 1,063 Thread 0x00007f0c2c54a800 1429       3       java.lang.Long::hashCode (8 bytes)
Event: 1,063 Thread 0x00007f0c2c54a800 nmethod 1429 0x00007f0c1d729090 code [0x00007f0c1d7291e0, 0x00007f0c1d729330]

GC Heap History (0 events):
No events

Deoptimization events (8 events):
Event: 0,410 Thread 0x00007f0c2c00b800 Uncommon trap: reason=null_check action=make_not_entrant pc=0x00007f0c1d2ce650 method=java.lang.String.equals(Ljava/lang/Object;)Z @ 8
Event: 0,466 Thread 0x00007f0c2c00b800 Uncommon trap: reason=unstable_if action=reinterpret pc=0x00007f0c1d357008 method=java.lang.String.indexOf([CII[CIII)I @ 3
Event: 0,706 Thread 0x00007f0c2c00b800 Uncommon trap: reason=unstable_if action=reinterpret pc=0x00007f0c1d4be414 method=java.lang.String.lastIndexOf([CII[CIII)I @ 66
Event: 0,808 Thread 0x00007f0c2c00b800 Uncommon trap: reason=class_check action=maybe_recompile pc=0x00007f0c1d5710dc method=org.lwjglx.debug.org.objectweb.asm.ClassReader.readCode(Lorg/lwjglx/debug/org/objectweb/asm/MethodVisitor;Lorg/lwjglx/debug/org/objectweb/asm/Context;I)V @ 3895
Event: 0,845 Thread 0x00007f0c2c00b800 Uncommon trap: reason=class_check action=maybe_recompile pc=0x00007f0c1d574b30 method=org.lwjglx.debug.org.objectweb.asm.ClassReader.readCode(Lorg/lwjglx/debug/org/objectweb/asm/MethodVisitor;Lorg/lwjglx/debug/org/objectweb/asm/Context;I)V @ 4257
Event: 0,850 Thread 0x00007f0c2c00b800 Uncommon trap: reason=class_check action=maybe_recompile pc=0x00007f0c1d574b30 method=org.lwjglx.debug.org.objectweb.asm.ClassReader.readCode(Lorg/lwjglx/debug/org/objectweb/asm/MethodVisitor;Lorg/lwjglx/debug/org/objectweb/asm/Context;I)V @ 4257
Event: 0,861 Thread 0x00007f0c2c00b800 Uncommon trap: reason=predicate action=maybe_recompile pc=0x00007f0c1d571dec method=org.lwjglx.debug.org.objectweb.asm.ClassReader.readCode(Lorg/lwjglx/debug/org/objectweb/asm/MethodVisitor;Lorg/lwjglx/debug/org/objectweb/asm/Context;I)V @ 1440
Event: 0,886 Thread 0x00007f0c2c00b800 Uncommon trap: reason=unstable_if action=reinterpret pc=0x00007f0c1d58a858 method=java.lang.Throwable.getOurStackTrace()[Ljava/lang/StackTraceElement; @ 7

Classes redefined (0 events):
No events

Internal exceptions (10 events):
Event: 0,461 Thread 0x00007f0c2c00b800 Exception <a 'java/security/PrivilegedActionException'> (0x000000071b799c00) thrown at [./src/hotspot/src/share/vm/prims/jvm.cpp, line 1512]
Event: 0,461 Thread 0x00007f0c2c00b800 Exception <a 'java/security/PrivilegedActionException'> (0x000000071b799ff8) thrown at [./src/hotspot/src/share/vm/prims/jvm.cpp, line 1512]
Event: 0,461 Thread 0x00007f0c2c00b800 Exception <a 'java/security/PrivilegedActionException'> (0x000000071b79b610) thrown at [./src/hotspot/src/share/vm/prims/jvm.cpp, line 1512]
Event: 0,461 Thread 0x00007f0c2c00b800 Exception <a 'java/security/PrivilegedActionException'> (0x000000071b79ba08) thrown at [./src/hotspot/src/share/vm/prims/jvm.cpp, line 1512]
Event: 0,461 Thread 0x00007f0c2c00b800 Exception <a 'java/security/PrivilegedActionException'> (0x000000071b79cf88) thrown at [./src/hotspot/src/share/vm/prims/jvm.cpp, line 1512]
Event: 0,461 Thread 0x00007f0c2c00b800 Exception <a 'java/security/PrivilegedActionException'> (0x000000071b79d380) thrown at [./src/hotspot/src/share/vm/prims/jvm.cpp, line 1512]
Event: 0,479 Thread 0x00007f0c2c00b800 Exception <a 'sun/nio/fs/UnixException'> (0x000000071b815740) thrown at [./src/hotspot/src/share/vm/prims/jni.cpp, line 709]
Event: 0,703 Thread 0x00007f0c2c00b800 Exception <a 'sun/nio/fs/UnixException'> (0x000000071bb01df0) thrown at [./src/hotspot/src/share/vm/prims/jni.cpp, line 709]
Event: 0,706 Thread 0x00007f0c2c00b800 Exception <a 'sun/nio/fs/UnixException'> (0x000000071bb13b78) thrown at [./src/hotspot/src/share/vm/prims/jni.cpp, line 709]
Event: 0,942 Thread 0x00007f0c2c00b800 Exception <a 'sun/nio/fs/UnixException'> (0x000000071ed1d230) thrown at [./src/hotspot/src/share/vm/prims/jni.cpp, line 709]

Events (10 events):
Event: 1,037 loading class java/util/function/IntConsumer done
Event: 1,037 loading class java/util/stream/Sink$OfInt done
Event: 1,038 loading class java/util/stream/Node$Builder$OfInt done
Event: 1,038 loading class java/util/stream/Nodes$IntArrayNode
Event: 1,038 loading class java/util/stream/Nodes$IntArrayNode done
Event: 1,038 loading class java/util/stream/Nodes$IntFixedNodeBuilder done
Event: 1,038 loading class java/util/stream/ReferencePipeline$4$1
Event: 1,038 loading class java/util/stream/Sink$ChainedReference
Event: 1,038 loading class java/util/stream/Sink$ChainedReference done
Event: 1,038 loading class java/util/stream/ReferencePipeline$4$1 done


Dynamic libraries:
40a50000-40a52000 r-xs 00000000 00:01 61062                              /memfd:/.glXXXXXX (deleted)
413ff000-414ae000 rw-p 00000000 00:00 0 
5cb800000-5e0700000 rw-p 00000000 00:00 0 
5e0700000-719300000 ---p 00000000 00:00 0 
719300000-723a00000 rw-p 00000000 00:00 0 
723a00000-7c0000000 ---p 00000000 00:00 0 
7c0000000-7c0120000 rw-p 00000000 00:00 0 
7c0120000-800000000 ---p 00000000 00:00 0 
55f24784d000-55f24784e000 r--p 00000000 08:03 18220749                   /usr/lib/jvm/java-8-openjdk-amd64/jre/bin/java
55f24784e000-55f24784f000 r-xp 00001000 08:03 18220749                   /usr/lib/jvm/java-8-openjdk-amd64/jre/bin/java
55f24784f000-55f247850000 r--p 00002000 08:03 18220749                   /usr/lib/jvm/java-8-openjdk-amd64/jre/bin/java
55f247850000-55f247851000 r--p 00002000 08:03 18220749                   /usr/lib/jvm/java-8-openjdk-amd64/jre/bin/java
55f247851000-55f247852000 rw-p 00003000 08:03 18220749                   /usr/lib/jvm/java-8-openjdk-amd64/jre/bin/java
55f248dc7000-55f248de8000 rw-p 00000000 00:00 0                          [heap]
7f0b7c000000-7f0b7c1d5000 rw-p 00000000 00:00 0 
7f0b7c1d5000-7f0b80000000 ---p 00000000 00:00 0 
7f0b80000000-7f0b80021000 rw-p 00000000 00:00 0 
7f0b80021000-7f0b84000000 ---p 00000000 00:00 0 
7f0b84fce000-7f0b85600000 rw-p 00000000 00:00 0 
7f0b85600000-7f0b87638000 r-xp 00000000 08:03 16782384                   /usr/lib/x86_64-linux-gnu/libnvidia-glvkspirv.so.535.86.05
7f0b87638000-7f0b87838000 ---p 02038000 08:03 16782384                   /usr/lib/x86_64-linux-gnu/libnvidia-glvkspirv.so.535.86.05
7f0b87838000-7f0b87e54000 r--p 02038000 08:03 16782384                   /usr/lib/x86_64-linux-gnu/libnvidia-glvkspirv.so.535.86.05
7f0b87e54000-7f0b87ee3000 rw-p 02654000 08:03 16782384                   /usr/lib/x86_64-linux-gnu/libnvidia-glvkspirv.so.535.86.05
7f0b87ee3000-7f0b87f36000 rw-p 00000000 00:00 0 
7f0b88000000-7f0b88304000 rw-p 00000000 00:00 0 
7f0b88304000-7f0b8c000000 ---p 00000000 00:00 0 
7f0b8c000000-7f0b8c021000 rw-p 00000000 00:00 0 
7f0b8c021000-7f0b90000000 ---p 00000000 00:00 0 
7f0b90000000-7f0b901ee000 rw-p 00000000 00:00 0 
7f0b901ee000-7f0b94000000 ---p 00000000 00:00 0 
7f0b94000000-7f0b94336000 rw-p 00000000 00:00 0 
7f0b94336000-7f0b98000000 ---p 00000000 00:00 0 
7f0b98000000-7f0b9822f000 rw-p 00000000 00:00 0 
7f0b9822f000-7f0b9c000000 ---p 00000000 00:00 0 
7f0b9c000000-7f0b9c21d000 rw-p 00000000 00:00 0 
7f0b9c21d000-7f0ba0000000 ---p 00000000 00:00 0 
7f0ba0000000-7f0ba01db000 rw-p 00000000 00:00 0 
7f0ba01db000-7f0ba4000000 ---p 00000000 00:00 0 
7f0ba4000000-7f0ba4f1e000 rw-p 00000000 00:00 0 
7f0ba4f1e000-7f0ba8000000 ---p 00000000 00:00 0 
7f0ba8000000-7f0ba8177000 rw-p 00000000 00:00 0 
7f0ba8177000-7f0bac000000 ---p 00000000 00:00 0 
7f0bac000000-7f0bac382000 rw-p 00000000 00:00 0 
7f0bac382000-7f0bb0000000 ---p 00000000 00:00 0 
7f0bb0000000-7f0bb013d000 rw-p 00000000 00:00 0 
7f0bb013d000-7f0bb4000000 ---p 00000000 00:00 0 
7f0bb4000000-7f0bb4832000 rw-p 00000000 00:00 0 
7f0bb4832000-7f0bb8000000 ---p 00000000 00:00 0 
7f0bb8000000-7f0bb8021000 rw-p 00000000 00:00 0 
7f0bb8021000-7f0bbc000000 ---p 00000000 00:00 0 
7f0bbc000000-7f0bbc22c000 rw-p 00000000 00:00 0 
7f0bbc22c000-7f0bc0000000 ---p 00000000 00:00 0 
7f0bc0000000-7f0bc0021000 rw-p 00000000 00:00 0 
7f0bc0021000-7f0bc4000000 ---p 00000000 00:00 0 
7f0bc4000000-7f0bc4021000 rw-p 00000000 00:00 0 
7f0bc4021000-7f0bc8000000 ---p 00000000 00:00 0 
7f0bc8000000-7f0bc8021000 rw-p 00000000 00:00 0 
7f0bc8021000-7f0bcc000000 ---p 00000000 00:00 0 
7f0bcc5c0000-7f0bdc000000 rw-p 00000000 00:00 0 
7f0bdc000000-7f0bdc021000 rw-p 00000000 00:00 0 
7f0bdc021000-7f0be0000000 ---p 00000000 00:00 0 
7f0be00fd000-7f0be04fd000 rw-s 00000000 00:05 1035                       /dev/nvidiactl
7f0be04fd000-7f0be08fe000 rw-p 00000000 00:00 0 
7f0be0e00000-7f0be1000000 rw-s 00000000 00:05 1035                       /dev/nvidiactl
7f0be1000000-7f0be1100000 rw-p 00000000 00:00 0 
7f0be1100000-7f0be1200000 ---p 00000000 00:00 0 
7f0be1200000-7f0be14d8000 r-xp 00000000 08:03 16782382                   /usr/lib/x86_64-linux-gnu/libnvidia-glcore.so.535.86.05
7f0be14d8000-7f0be14f9000 rwxp 002d8000 08:03 16782382                   /usr/lib/x86_64-linux-gnu/libnvidia-glcore.so.535.86.05
7f0be14f9000-7f0be3b92000 r-xp 002f9000 08:03 16782382                   /usr/lib/x86_64-linux-gnu/libnvidia-glcore.so.535.86.05
7f0be3b92000-7f0be3b93000 ---p 02992000 08:03 16782382                   /usr/lib/x86_64-linux-gnu/libnvidia-glcore.so.535.86.05
7f0be3b93000-7f0be3d66000 r--p 02992000 08:03 16782382                   /usr/lib/x86_64-linux-gnu/libnvidia-glcore.so.535.86.05
7f0be3d66000-7f0be3dcf000 rw-p 02b65000 08:03 16782382                   /usr/lib/x86_64-linux-gnu/libnvidia-glcore.so.535.86.05
7f0be3dcf000-7f0be3e0c000 rw-p 00000000 00:00 0 
7f0be4000000-7f0be4021000 rw-p 00000000 00:00 0 
7f0be4021000-7f0be8000000 ---p 00000000 00:00 0 
7f0be80c8000-7f0be82c8000 rw-p 00000000 00:00 0 
7f0be83c8000-7f0be8448000 rw-s 00000000 00:05 1035                       /dev/nvidiactl
7f0be8537000-7f0be853e000 r--p 00000000 08:03 52559951                   /tmp/lwjgl_pcy113/3.3.2+13/x64/liblwjgl_stb.so
7f0be853e000-7f0be85a1000 r-xp 00007000 08:03 52559951                   /tmp/lwjgl_pcy113/3.3.2+13/x64/liblwjgl_stb.so
7f0be85a1000-7f0be85ad000 r--p 0006a000 08:03 52559951                   /tmp/lwjgl_pcy113/3.3.2+13/x64/liblwjgl_stb.so
7f0be85ad000-7f0be85ae000 r--p 00075000 08:03 52559951                   /tmp/lwjgl_pcy113/3.3.2+13/x64/liblwjgl_stb.so
7f0be85ae000-7f0be85af000 rw-p 00076000 08:03 52559951                   /tmp/lwjgl_pcy113/3.3.2+13/x64/liblwjgl_stb.so
7f0be85af000-7f0be85f2000 r--p 00000000 08:03 16810937                   /usr/lib/x86_64-linux-gnu/libGL.so.1.7.0
7f0be85f2000-7f0be8611000 r-xp 00043000 08:03 16810937                   /usr/lib/x86_64-linux-gnu/libGL.so.1.7.0
7f0be8611000-7f0be8626000 r--p 00062000 08:03 16810937                   /usr/lib/x86_64-linux-gnu/libGL.so.1.7.0
7f0be8626000-7f0be8634000 r--p 00076000 08:03 16810937                   /usr/lib/x86_64-linux-gnu/libGL.so.1.7.0
7f0be8634000-7f0be8635000 rw-p 00084000 08:03 16810937                   /usr/lib/x86_64-linux-gnu/libGL.so.1.7.0
7f0be8635000-7f0be8636000 rw-p 00000000 00:00 0 
7f0be8636000-7f0be8669000 r--p 00000000 08:03 52559950                   /tmp/lwjgl_pcy113/3.3.2+13/x64/liblwjgl_opengl.so
7f0be8669000-7f0be867d000 r-xp 00033000 08:03 52559950                   /tmp/lwjgl_pcy113/3.3.2+13/x64/liblwjgl_opengl.so
7f0be867d000-7f0be868d000 r--p 00047000 08:03 52559950                   /tmp/lwjgl_pcy113/3.3.2+13/x64/liblwjgl_opengl.so
7f0be868d000-7f0be868e000 r--p 00056000 08:03 52559950                   /tmp/lwjgl_pcy113/3.3.2+13/x64/liblwjgl_opengl.so
7f0be868e000-7f0be868f000 rw-p 00057000 08:03 52559950                   /tmp/lwjgl_pcy113/3.3.2+13/x64/liblwjgl_opengl.so
7f0be868f000-7f0be88d4000 rw-s 00000000 00:01 3077                       /memfd:/.nvidia_drv.XXXXXX (deleted)
7f0be88d4000-7f0be88d9000 r--p 00000000 08:03 16812348                   /usr/lib/x86_64-linux-gnu/libdrm.so.2.4.0
7f0be88d9000-7f0be88e4000 r-xp 00005000 08:03 16812348                   /usr/lib/x86_64-linux-gnu/libdrm.so.2.4.0
7f0be88e4000-7f0be88e8000 r--p 00010000 08:03 16812348                   /usr/lib/x86_64-linux-gnu/libdrm.so.2.4.0
7f0be88e8000-7f0be88e9000 r--p 00013000 08:03 16812348                   /usr/lib/x86_64-linux-gnu/libdrm.so.2.4.0
7f0be88e9000-7f0be88ea000 rw-p 00014000 08:03 16812348                   /usr/lib/x86_64-linux-gnu/libdrm.so.2.4.0
7f0be8901000-7f0be890c000 r--p 00000000 08:03 16813482                   /usr/lib/x86_64-linux-gnu/libxcb-glx.so.0.0.0
7f0be890c000-7f0be8915000 r-xp 0000b000 08:03 16813482                   /usr/lib/x86_64-linux-gnu/libxcb-glx.so.0.0.0
7f0be8915000-7f0be891a000 r--p 00014000 08:03 16813482                   /usr/lib/x86_64-linux-gnu/libxcb-glx.so.0.0.0
7f0be891a000-7f0be891b000 ---p 00019000 08:03 16813482                   /usr/lib/x86_64-linux-gnu/libxcb-glx.so.0.0.0
7f0be891b000-7f0be891d000 r--p 00019000 08:03 16813482                   /usr/lib/x86_64-linux-gnu/libxcb-glx.so.0.0.0
7f0be891d000-7f0be891e000 rw-p 0001b000 08:03 16813482                   /usr/lib/x86_64-linux-gnu/libxcb-glx.so.0.0.0
7f0be891e000-7f0be91ff000 rw-p 00000000 00:00 0 
7f0be91ff000-7f0be9200000 ---p 00000000 00:00 0 
7f0be9200000-7f0be9a00000 rw-p 00000000 00:00 0 
7f0be9a00000-7f0be9a75000 r-xp 00000000 08:03 16782383                   /usr/lib/x86_64-linux-gnu/libnvidia-glsi.so.535.86.05
7f0be9a75000-7f0be9c75000 ---p 00075000 08:03 16782383                   /usr/lib/x86_64-linux-gnu/libnvidia-glsi.so.535.86.05
7f0be9c75000-7f0be9c9e000 r--p 00075000 08:03 16782383                   /usr/lib/x86_64-linux-gnu/libnvidia-glsi.so.535.86.05
7f0be9c9e000-7f0be9c9f000 rw-p 0009e000 08:03 16782383                   /usr/lib/x86_64-linux-gnu/libnvidia-glsi.so.535.86.05
7f0be9c9f000-7f0be9ca7000 rw-p 00000000 00:00 0 
7f0be9caa000-7f0be9cab000 r--p 00000000 08:03 16782387                   /usr/lib/x86_64-linux-gnu/libnvidia-tls.so.535.86.05
7f0be9cab000-7f0be9cad000 r-xp 00001000 08:03 16782387                   /usr/lib/x86_64-linux-gnu/libnvidia-tls.so.535.86.05
7f0be9cad000-7f0be9cae000 r--p 00003000 08:03 16782387                   /usr/lib/x86_64-linux-gnu/libnvidia-tls.so.535.86.05
7f0be9cae000-7f0be9caf000 r--p 00003000 08:03 16782387                   /usr/lib/x86_64-linux-gnu/libnvidia-tls.so.535.86.05
7f0be9caf000-7f0be9cb0000 rw-p 00004000 08:03 16782387                   /usr/lib/x86_64-linux-gnu/libnvidia-tls.so.535.86.05
7f0be9cb0000-7f0be9d01000 r--p 00000000 08:03 16782363                   /usr/lib/x86_64-linux-gnu/libGLX_nvidia.so.535.86.05
7f0be9d01000-7f0be9d5b000 r-xp 00051000 08:03 16782363                   /usr/lib/x86_64-linux-gnu/libGLX_nvidia.so.535.86.05
7f0be9d5b000-7f0be9d90000 rwxp 000ab000 08:03 16782363                   /usr/lib/x86_64-linux-gnu/libGLX_nvidia.so.535.86.05
7f0be9d90000-7f0be9d91000 r-xp 000e0000 08:03 16782363                   /usr/lib/x86_64-linux-gnu/libGLX_nvidia.so.535.86.05
7f0be9d91000-7f0be9db0000 r--p 000e1000 08:03 16782363                   /usr/lib/x86_64-linux-gnu/libGLX_nvidia.so.535.86.05
7f0be9db0000-7f0be9dd0000 r--p 000ff000 08:03 16782363                   /usr/lib/x86_64-linux-gnu/libGLX_nvidia.so.535.86.05
7f0be9dd0000-7f0be9dd5000 rw-p 0011f000 08:03 16782363                   /usr/lib/x86_64-linux-gnu/libGLX_nvidia.so.535.86.05
7f0be9dd5000-7f0be9dd7000 rw-p 00000000 00:00 0 
7f0be9dd7000-7f0be9e17000 r--p 00000000 08:03 16810948                   /usr/lib/x86_64-linux-gnu/libGLdispatch.so.0.0.0
7f0be9e17000-7f0be9e1a000 r-xp 00040000 08:03 16810948                   /usr/lib/x86_64-linux-gnu/libGLdispatch.so.0.0.0
7f0be9e1a000-7f0be9e55000 r-xp 00043000 08:03 16810948                   /usr/lib/x86_64-linux-gnu/libGLdispatch.so.0.0.0
7f0be9e55000-7f0be9e56000 r-xp 0007e000 08:03 16810948                   /usr/lib/x86_64-linux-gnu/libGLdispatch.so.0.0.0
7f0be9e56000-7f0be9e69000 r--p 0007f000 08:03 16810948                   /usr/lib/x86_64-linux-gnu/libGLdispatch.so.0.0.0
7f0be9e69000-7f0be9e6a000 ---p 00092000 08:03 16810948                   /usr/lib/x86_64-linux-gnu/libGLdispatch.so.0.0.0
7f0be9e6a000-7f0be9e86000 r--p 00092000 08:03 16810948                   /usr/lib/x86_64-linux-gnu/libGLdispatch.so.0.0.0
7f0be9e86000-7f0be9e87000 rw-p 000ae000 08:03 16810948                   /usr/lib/x86_64-linux-gnu/libGLdispatch.so.0.0.0
7f0be9e87000-7f0be9e8f000 rw-p 00000000 00:00 0 
7f0be9e8f000-7f0be9e92000 r--p 00000000 08:03 16810943                   /usr/lib/x86_64-linux-gnu/libGLX.so.0.0.0
7f0be9e92000-7f0be9ead000 r-xp 00003000 08:03 16810943                   /usr/lib/x86_64-linux-gnu/libGLX.so.0.0.0
7f0be9ead000-7f0be9eb0000 r--p 0001e000 08:03 16810943                   /usr/lib/x86_64-linux-gnu/libGLX.so.0.0.0
7f0be9eb0000-7f0be9eb1000 ---p 00021000 08:03 16810943                   /usr/lib/x86_64-linux-gnu/libGLX.so.0.0.0
7f0be9eb1000-7f0be9eb2000 r--p 00021000 08:03 16810943                   /usr/lib/x86_64-linux-gnu/libGLX.so.0.0.0
7f0be9eb2000-7f0be9eb3000 rw-p 00022000 08:03 16810943                   /usr/lib/x86_64-linux-gnu/libGLX.so.0.0.0
7f0be9eb3000-7f0be9ec3000 rw-p 00000000 00:00 0 
7f0be9ec3000-7f0be9ec4000 r--p 00000000 08:03 16785106                   /usr/lib/x86_64-linux-gnu/libX11-xcb.so.1.0.0
7f0be9ec4000-7f0be9ec5000 r-xp 00001000 08:03 16785106                   /usr/lib/x86_64-linux-gnu/libX11-xcb.so.1.0.0
7f0be9ec5000-7f0be9ec6000 r--p 00002000 08:03 16785106                   /usr/lib/x86_64-linux-gnu/libX11-xcb.so.1.0.0
7f0be9ec6000-7f0be9ec7000 r--p 00002000 08:03 16785106                   /usr/lib/x86_64-linux-gnu/libX11-xcb.so.1.0.0
7f0be9ec7000-7f0be9ec8000 rw-p 00003000 08:03 16785106                   /usr/lib/x86_64-linux-gnu/libX11-xcb.so.1.0.0
7f0be9ec8000-7f0be9ec9000 r--p 00000000 08:03 16810996                   /usr/lib/x86_64-linux-gnu/libXinerama.so.1.0.0
7f0be9ec9000-7f0be9eca000 r-xp 00001000 08:03 16810996                   /usr/lib/x86_64-linux-gnu/libXinerama.so.1.0.0
7f0be9eca000-7f0be9ecb000 r--p 00002000 08:03 16810996                   /usr/lib/x86_64-linux-gnu/libXinerama.so.1.0.0
7f0be9ecb000-7f0be9ecc000 r--p 00003000 08:03 16810996                   /usr/lib/x86_64-linux-gnu/libXinerama.so.1.0.0
7f0be9ecc000-7f0be9ecd000 rw-p 00004000 08:03 16810996                   /usr/lib/x86_64-linux-gnu/libXinerama.so.1.0.0
7f0be9ecd000-7f0be9ecf000 r--p 00000000 08:03 16810988                   /usr/lib/x86_64-linux-gnu/libXfixes.so.3.1.0
7f0be9ecf000-7f0be9ed2000 r-xp 00002000 08:03 16810988                   /usr/lib/x86_64-linux-gnu/libXfixes.so.3.1.0
7f0be9ed2000-7f0be9ed3000 r--p 00005000 08:03 16810988                   /usr/lib/x86_64-linux-gnu/libXfixes.so.3.1.0
7f0be9ed3000-7f0be9ed4000 r--p 00006000 08:03 16810988                   /usr/lib/x86_64-linux-gnu/libXfixes.so.3.1.0
7f0be9ed4000-7f0be9ed5000 rw-p 00007000 08:03 16810988                   /usr/lib/x86_64-linux-gnu/libXfixes.so.3.1.0
7f0be9ed5000-7f0be9ed7000 r--p 00000000 08:03 16810980                   /usr/lib/x86_64-linux-gnu/libXcursor.so.1.0.2
7f0be9ed7000-7f0be9edd000 r-xp 00002000 08:03 16810980                   /usr/lib/x86_64-linux-gnu/libXcursor.so.1.0.2
7f0be9edd000-7f0be9edf000 r--p 00008000 08:03 16810980                   /usr/lib/x86_64-linux-gnu/libXcursor.so.1.0.2
7f0be9edf000-7f0be9ee0000 r--p 00009000 08:03 16810980                   /usr/lib/x86_64-linux-gnu/libXcursor.so.1.0.2
7f0be9ee0000-7f0be9ee1000 rw-p 0000a000 08:03 16810980                   /usr/lib/x86_64-linux-gnu/libXcursor.so.1.0.2
7f0be9ee1000-7f0be9ee3000 r--p 00000000 08:03 16811006                   /usr/lib/x86_64-linux-gnu/libXrender.so.1.3.0
7f0be9ee3000-7f0be9eea000 r-xp 00002000 08:03 16811006                   /usr/lib/x86_64-linux-gnu/libXrender.so.1.3.0
7f0be9eea000-7f0be9eec000 r--p 00009000 08:03 16811006                   /usr/lib/x86_64-linux-gnu/libXrender.so.1.3.0
7f0be9eec000-7f0be9eed000 r--p 0000a000 08:03 16811006                   /usr/lib/x86_64-linux-gnu/libXrender.so.1.3.0
7f0be9eed000-7f0be9eee000 rw-p 0000b000 08:03 16811006                   /usr/lib/x86_64-linux-gnu/libXrender.so.1.3.0
7f0be9eee000-7f0be9ef0000 r--p 00000000 08:03 16811004                   /usr/lib/x86_64-linux-gnu/libXrandr.so.2.2.0
7f0be9ef0000-7f0be9ef7000 r-xp 00002000 08:03 16811004                   /usr/lib/x86_64-linux-gnu/libXrandr.so.2.2.0
7f0be9ef7000-7f0be9ef9000 r--p 00009000 08:03 16811004                   /usr/lib/x86_64-linux-gnu/libXrandr.so.2.2.0
7f0be9ef9000-7f0be9efa000 r--p 0000a000 08:03 16811004                   /usr/lib/x86_64-linux-gnu/libXrandr.so.2.2.0
7f0be9efa000-7f0be9efb000 rw-p 0000b000 08:03 16811004                   /usr/lib/x86_64-linux-gnu/libXrandr.so.2.2.0
7f0be9efb000-7f0be9efe000 r--p 00000000 08:03 16810994                   /usr/lib/x86_64-linux-gnu/libXi.so.6.1.0
7f0be9efe000-7f0be9f0a000 r-xp 00003000 08:03 16810994                   /usr/lib/x86_64-linux-gnu/libXi.so.6.1.0
7f0be9f0a000-7f0be9f0d000 r--p 0000f000 08:03 16810994                   /usr/lib/x86_64-linux-gnu/libXi.so.6.1.0
7f0be9f0d000-7f0be9f0e000 r--p 00011000 08:03 16810994                   /usr/lib/x86_64-linux-gnu/libXi.so.6.1.0
7f0be9f0e000-7f0be9f0f000 rw-p 00012000 08:03 16810994                   /usr/lib/x86_64-linux-gnu/libXi.so.6.1.0
7f0be9f0f000-7f0be9f13000 r--p 00000000 08:03 16810986                   /usr/lib/x86_64-linux-gnu/libXext.so.6.4.0
7f0be9f13000-7f0be9f1e000 r-xp 00004000 08:03 16810986                   /usr/lib/x86_64-linux-gnu/libXext.so.6.4.0
7f0be9f1e000-7f0be9f22000 r--p 0000f000 08:03 16810986                   /usr/lib/x86_64-linux-gnu/libXext.so.6.4.0
7f0be9f22000-7f0be9f23000 r--p 00012000 08:03 16810986                   /usr/lib/x86_64-linux-gnu/libXext.so.6.4.0
7f0be9f23000-7f0be9f24000 rw-p 00013000 08:03 16810986                   /usr/lib/x86_64-linux-gnu/libXext.so.6.4.0
7f0be9f24000-7f0be9f25000 r--p 00000000 08:03 16811739                   /usr/lib/x86_64-linux-gnu/libXxf86vm.so.1.0.0
7f0be9f25000-7f0be9f28000 r-xp 00001000 08:03 16811739                   /usr/lib/x86_64-linux-gnu/libXxf86vm.so.1.0.0
7f0be9f28000-7f0be9f29000 r--p 00004000 08:03 16811739                   /usr/lib/x86_64-linux-gnu/libXxf86vm.so.1.0.0
7f0be9f29000-7f0be9f2a000 r--p 00004000 08:03 16811739                   /usr/lib/x86_64-linux-gnu/libXxf86vm.so.1.0.0
7f0be9f2a000-7f0be9f2b000 rw-p 00005000 08:03 16811739                   /usr/lib/x86_64-linux-gnu/libXxf86vm.so.1.0.0
7f0be9f2b000-7f0be9f2d000 r--p 00000000 08:03 16812858                   /usr/lib/x86_64-linux-gnu/libmd.so.0.0.5
7f0be9f2d000-7f0be9f34000 r-xp 00002000 08:03 16812858                   /usr/lib/x86_64-linux-gnu/libmd.so.0.0.5
7f0be9f34000-7f0be9f36000 r--p 00009000 08:03 16812858                   /usr/lib/x86_64-linux-gnu/libmd.so.0.0.5
7f0be9f36000-7f0be9f37000 r--p 0000a000 08:03 16812858                   /usr/lib/x86_64-linux-gnu/libmd.so.0.0.5
7f0be9f37000-7f0be9f38000 rw-p 0000b000 08:03 16812858                   /usr/lib/x86_64-linux-gnu/libmd.so.0.0.5
7f0be9f38000-7f0be9f43000 r--p 00000000 08:03 16813514                   /usr/lib/x86_64-linux-gnu/libxcb.so.1.1.0
7f0be9f43000-7f0be9f57000 r-xp 0000b000 08:03 16813514                   /usr/lib/x86_64-linux-gnu/libxcb.so.1.1.0
7f0be9f57000-7f0be9f60000 r--p 0001f000 08:03 16813514                   /usr/lib/x86_64-linux-gnu/libxcb.so.1.1.0
7f0be9f60000-7f0be9f61000 r--p 00027000 08:03 16813514                   /usr/lib/x86_64-linux-gnu/libxcb.so.1.1.0
7f0be9f61000-7f0be9f62000 rw-p 00028000 08:03 16813514                   /usr/lib/x86_64-linux-gnu/libxcb.so.1.1.0
7f0be9f62000-7f0be9f7b000 r--p 00000000 08:03 16785104                   /usr/lib/x86_64-linux-gnu/libX11.so.6.4.0
7f0be9f7b000-7f0bea007000 r-xp 00019000 08:03 16785104                   /usr/lib/x86_64-linux-gnu/libX11.so.6.4.0
7f0bea007000-7f0bea09c000 r--p 000a5000 08:03 16785104                   /usr/lib/x86_64-linux-gnu/libX11.so.6.4.0
7f0bea09c000-7f0bea09d000 ---p 0013a000 08:03 16785104                   /usr/lib/x86_64-linux-gnu/libX11.so.6.4.0
7f0bea09d000-7f0bea09e000 r--p 0013a000 08:03 16785104                   /usr/lib/x86_64-linux-gnu/libX11.so.6.4.0
7f0bea09e000-7f0bea0a2000 rw-p 0013b000 08:03 16785104                   /usr/lib/x86_64-linux-gnu/libX11.so.6.4.0
7f0bea0b1000-7f0bea0b4000 rw-s 00000000 00:05 1035                       /dev/nvidiactl
7f0bea0b4000-7f0bea0b8000 rw-s 00000000 00:05 1035                       /dev/nvidiactl
7f0bea0b8000-7f0bea0cb000 rw-s 00000000 00:05 1035                       /dev/nvidiactl
7f0bea0cb000-7f0bea10b000 rw-s 00000000 00:05 1035                       /dev/nvidiactl
7f0bea10b000-7f0bea12b000 rw-s 00000000 00:05 1035                       /dev/nvidiactl
7f0bea12b000-7f0bea16b000 rw-s 00000000 00:05 1035                       /dev/nvidiactl
7f0bea16b000-7f0bea18b000 rw-s 00000000 00:05 1035                       /dev/nvidiactl
7f0bea18b000-7f0bea20b000 rw-s 00000000 00:05 1036                       /dev/nvidia0
7f0bea20b000-7f0bea24b000 rw-s 00000000 00:05 1035                       /dev/nvidiactl
7f0bea26b000-7f0bea279000 r--p 00000000 08:03 52559941                   /tmp/lwjgl_pcy113/3.3.2+13/x64/libglfw.so
7f0bea279000-7f0bea297000 r-xp 0000e000 08:03 52559941                   /tmp/lwjgl_pcy113/3.3.2+13/x64/libglfw.so
7f0bea297000-7f0bea2ca000 r--p 0002c000 08:03 52559941                   /tmp/lwjgl_pcy113/3.3.2+13/x64/libglfw.so
7f0bea2ca000-7f0bea2cb000 ---p 0005f000 08:03 52559941                   /tmp/lwjgl_pcy113/3.3.2+13/x64/libglfw.so
7f0bea2cb000-7f0bea2ce000 r--p 0005f000 08:03 52559941                   /tmp/lwjgl_pcy113/3.3.2+13/x64/libglfw.so
7f0bea2ce000-7f0bea2d1000 rw-p 00062000 08:03 52559941                   /tmp/lwjgl_pcy113/3.3.2+13/x64/libglfw.so
7f0bea2d1000-7f0bea4f4000 rw-p 00000000 00:00 0 
7f0bea4f4000-7f0bea4f5000 ---p 00000000 00:00 0 
7f0bea4f5000-7f0bea5f5000 rw-p 00000000 00:00 0 
7f0bea5f5000-7f0bea5f8000 ---p 00000000 00:00 0 
7f0bea5f8000-7f0bea6f5000 rw-p 00000000 00:00 0 
7f0bea6f5000-7f0bea6f6000 ---p 00000000 00:00 0 
7f0bea6f6000-7f0bea6f9000 ---p 00000000 00:00 0 
7f0bea6f9000-7f0bea7f6000 rw-p 00000000 00:00 0 
7f0bea7f6000-7f0bea7f7000 ---p 00000000 00:00 0 
7f0bea7f7000-7f0bea7fa000 ---p 00000000 00:00 0 
7f0bea7fa000-7f0bea8f7000 rw-p 00000000 00:00 0 
7f0bea8f7000-7f0bea8f8000 ---p 00000000 00:00 0 
7f0bea8f8000-7f0bea8fb000 ---p 00000000 00:00 0 
7f0bea8fb000-7f0bea9f8000 rw-p 00000000 00:00 0 
7f0bea9f8000-7f0bea9f9000 ---p 00000000 00:00 0 
7f0bea9f9000-7f0bea9fc000 ---p 00000000 00:00 0 
7f0bea9fc000-7f0beaaf9000 rw-p 00000000 00:00 0 
7f0beaaf9000-7f0beaafa000 ---p 00000000 00:00 0 
7f0beaafa000-7f0beaafd000 ---p 00000000 00:00 0 
7f0beaafd000-7f0beabfa000 rw-p 00000000 00:00 0 
7f0beabfa000-7f0beabfb000 ---p 00000000 00:00 0 
7f0beabfb000-7f0beabfe000 ---p 00000000 00:00 0 
7f0beabfe000-7f0beacfb000 rw-p 00000000 00:00 0 
7f0beacfb000-7f0beacfc000 ---p 00000000 00:00 0 
7f0beacfc000-7f0beacff000 ---p 00000000 00:00 0 
7f0beacff000-7f0beadfc000 rw-p 00000000 00:00 0 
7f0beadfc000-7f0beadfd000 ---p 00000000 00:00 0 
7f0beadfd000-7f0beae00000 ---p 00000000 00:00 0 
7f0beae00000-7f0beaefd000 rw-p 00000000 00:00 0 
7f0beaefd000-7f0beaefe000 ---p 00000000 00:00 0 
7f0beaefe000-7f0beaf01000 ---p 00000000 00:00 0 
7f0beaf01000-7f0beaffe000 rw-p 00000000 00:00 0 
7f0beaffe000-7f0beafff000 ---p 00000000 00:00 0 
7f0beafff000-7f0beb002000 ---p 00000000 00:00 0 
7f0beb002000-7f0beb0ff000 rw-p 00000000 00:00 0 
7f0beb0ff000-7f0beb100000 ---p 00000000 00:00 0 
7f0beb100000-7f0beb103000 ---p 00000000 00:00 0 
7f0beb103000-7f0beb200000 rw-p 00000000 00:00 0 
7f0beb200000-7f0bebfe7000 r--p 00000000 08:03 16797296                   /usr/lib/locale/locale-archive
7f0bebfe8000-7f0bebfec000 r--p 00000000 08:03 16812192                   /usr/lib/x86_64-linux-gnu/libbsd.so.0.11.5
7f0bebfec000-7f0bebff9000 r-xp 00004000 08:03 16812192                   /usr/lib/x86_64-linux-gnu/libbsd.so.0.11.5
7f0bebff9000-7f0bebffc000 r--p 00011000 08:03 16812192                   /usr/lib/x86_64-linux-gnu/libbsd.so.0.11.5
7f0bebffc000-7f0bebffd000 ---p 00014000 08:03 16812192                   /usr/lib/x86_64-linux-gnu/libbsd.so.0.11.5
7f0bebffd000-7f0bebffe000 r--p 00014000 08:03 16812192                   /usr/lib/x86_64-linux-gnu/libbsd.so.0.11.5
7f0bebffe000-7f0bebfff000 rw-p 00015000 08:03 16812192                   /usr/lib/x86_64-linux-gnu/libbsd.so.0.11.5
7f0bebfff000-7f0bec000000 rw-p 00000000 00:00 0 
7f0bec000000-7f0bec021000 rw-p 00000000 00:00 0 
7f0bec021000-7f0bf0000000 ---p 00000000 00:00 0 
7f0bf0000000-7f0bf0002000 rw-s 00000000 00:01 61062                      /memfd:/.glXXXXXX (deleted)
7f0bf0002000-7f0bf0003000 rw-s 00000000 00:05 1036                       /dev/nvidia0
7f0bf0003000-7f0bf0005000 r--p 00000000 08:03 16810984                   /usr/lib/x86_64-linux-gnu/libXdmcp.so.6.0.0
7f0bf0005000-7f0bf0007000 r-xp 00002000 08:03 16810984                   /usr/lib/x86_64-linux-gnu/libXdmcp.so.6.0.0
7f0bf0007000-7f0bf0009000 r--p 00004000 08:03 16810984                   /usr/lib/x86_64-linux-gnu/libXdmcp.so.6.0.0
7f0bf0009000-7f0bf000a000 r--p 00005000 08:03 16810984                   /usr/lib/x86_64-linux-gnu/libXdmcp.so.6.0.0
7f0bf000a000-7f0bf000b000 rw-p 00006000 08:03 16810984                   /usr/lib/x86_64-linux-gnu/libXdmcp.so.6.0.0
7f0bf000b000-7f0bf000c000 r--p 00000000 08:03 16810973                   /usr/lib/x86_64-linux-gnu/libXau.so.6.0.0
7f0bf000c000-7f0bf000e000 r-xp 00001000 08:03 16810973                   /usr/lib/x86_64-linux-gnu/libXau.so.6.0.0
7f0bf000e000-7f0bf000f000 r--p 00003000 08:03 16810973                   /usr/lib/x86_64-linux-gnu/libXau.so.6.0.0
7f0bf000f000-7f0bf0010000 r--p 00003000 08:03 16810973                   /usr/lib/x86_64-linux-gnu/libXau.so.6.0.0
7f0bf0010000-7f0bf0011000 rw-p 00004000 08:03 16810973                   /usr/lib/x86_64-linux-gnu/libXau.so.6.0.0
7f0bf0011000-7f0bf0013000 rw-s 00000000 00:05 1035                       /dev/nvidiactl
7f0bf0013000-7f0bf0017000 rw-s 00000000 00:05 1035                       /dev/nvidiactl
7f0bf0017000-7f0bf0018000 rw-s 00000000 00:05 1035                       /dev/nvidiactl
7f0bf0018000-7f0bf0028000 rw-s 00000000 00:05 1036                       /dev/nvidia0
7f0bf0028000-7f0bf0029000 r--p 00000000 08:03 16813116                   /usr/lib/x86_64-linux-gnu/libpthread.so.0
7f0bf0029000-7f0bf002a000 r-xp 00001000 08:03 16813116                   /usr/lib/x86_64-linux-gnu/libpthread.so.0
7f0bf002a000-7f0bf002b000 r--p 00002000 08:03 16813116                   /usr/lib/x86_64-linux-gnu/libpthread.so.0
7f0bf002b000-7f0bf002c000 r--p 00002000 08:03 16813116                   /usr/lib/x86_64-linux-gnu/libpthread.so.0
7f0bf002c000-7f0bf002d000 rw-p 00003000 08:03 16813116                   /usr/lib/x86_64-linux-gnu/libpthread.so.0
7f0bf002d000-7f0bf002e000 r--p 00000000 08:03 16812338                   /usr/lib/x86_64-linux-gnu/libdl.so.2
7f0bf002e000-7f0bf002f000 r-xp 00001000 08:03 16812338                   /usr/lib/x86_64-linux-gnu/libdl.so.2
7f0bf002f000-7f0bf0030000 r--p 00002000 08:03 16812338                   /usr/lib/x86_64-linux-gnu/libdl.so.2
7f0bf0030000-7f0bf0031000 r--p 00002000 08:03 16812338                   /usr/lib/x86_64-linux-gnu/libdl.so.2
7f0bf0031000-7f0bf0032000 rw-p 00003000 08:03 16812338                   /usr/lib/x86_64-linux-gnu/libdl.so.2
7f0bf0032000-7f0bf0033000 rw-s 00000000 00:05 1035                       /dev/nvidiactl
7f0bf0033000-7f0bf0034000 rw-s 00000000 00:05 1035                       /dev/nvidiactl
7f0bf0034000-7f0bf0035000 rw-s 00044000 00:01 3077                       /memfd:/.nvidia_drv.XXXXXX (deleted)
7f0bf0035000-7f0bf0036000 r-xp 00000000 00:00 0 
7f0bf0036000-7f0bf0037000 r-xp 00058000 08:03 52559939                   /tmp/lwjgl_pcy113/3.3.2+13/x64/liblwjgl.so
7f0bf0037000-7f0bf0038000 rw-p 00000000 00:00 0 
7f0bf0038000-7f0bf0049000 r--s 001c5000 08:03 18220836                   /usr/lib/jvm/java-8-openjdk-amd64/jre/lib/jsse.jar
7f0bf0049000-7f0bf0072000 r--p 00000000 08:03 52559939                   /tmp/lwjgl_pcy113/3.3.2+13/x64/liblwjgl.so
7f0bf0072000-7f0bf00a3000 r-xp 00029000 08:03 52559939                   /tmp/lwjgl_pcy113/3.3.2+13/x64/liblwjgl.so
7f0bf00a3000-7f0bf00bc000 r--p 0005a000 08:03 52559939                   /tmp/lwjgl_pcy113/3.3.2+13/x64/liblwjgl.so
7f0bf00bc000-7f0bf00bd000 r--p 00072000 08:03 52559939                   /tmp/lwjgl_pcy113/3.3.2+13/x64/liblwjgl.so
7f0bf00bd000-7f0bf00be000 rw-p 00073000 08:03 52559939                   /tmp/lwjgl_pcy113/3.3.2+13/x64/liblwjgl.so
7f0bf00be000-7f0bf00d0000 r--s 0034c000 08:03 18220841                   /usr/lib/jvm/java-8-openjdk-amd64/jre/lib/resources.jar
7f0bf00d0000-7f0bf00d1000 ---p 00000000 00:00 0 
7f0bf00d1000-7f0bf00d4000 ---p 00000000 00:00 0 
7f0bf00d4000-7f0bf01d1000 rw-p 00000000 00:00 0 
7f0bf01d1000-7f0bf01d8000 r--s 000d3000 08:03 18220835                   /usr/lib/jvm/java-8-openjdk-amd64/jre/lib/jfr.jar
7f0bf01d8000-7f0bf01dd000 r--p 00000000 08:03 18220787                   /usr/lib/jvm/java-8-openjdk-amd64/jre/lib/amd64/libnet.so
7f0bf01dd000-7f0bf01ee000 r-xp 00005000 08:03 18220787                   /usr/lib/jvm/java-8-openjdk-amd64/jre/lib/amd64/libnet.so
7f0bf01ee000-7f0bf01f2000 r--p 00016000 08:03 18220787                   /usr/lib/jvm/java-8-openjdk-amd64/jre/lib/amd64/libnet.so
7f0bf01f2000-7f0bf01f3000 r--p 00019000 08:03 18220787                   /usr/lib/jvm/java-8-openjdk-amd64/jre/lib/amd64/libnet.so
7f0bf01f3000-7f0bf01f4000 rw-p 0001a000 08:03 18220787                   /usr/lib/jvm/java-8-openjdk-amd64/jre/lib/amd64/libnet.so
7f0bf01f4000-7f0bf01fb000 r--p 00000000 08:03 18220788                   /usr/lib/jvm/java-8-openjdk-amd64/jre/lib/amd64/libnio.so
7f0bf01fb000-7f0bf0204000 r-xp 00007000 08:03 18220788                   /usr/lib/jvm/java-8-openjdk-amd64/jre/lib/amd64/libnio.so
7f0bf0204000-7f0bf0207000 r--p 00010000 08:03 18220788                   /usr/lib/jvm/java-8-openjdk-amd64/jre/lib/amd64/libnio.so
7f0bf0207000-7f0bf0208000 r--p 00012000 08:03 18220788                   /usr/lib/jvm/java-8-openjdk-amd64/jre/lib/amd64/libnio.so
7f0bf0208000-7f0bf0209000 rw-p 00013000 08:03 18220788                   /usr/lib/jvm/java-8-openjdk-amd64/jre/lib/amd64/libnio.so
7f0bf0209000-7f0bf020f000 r--s 000a0000 08:22 2392598                    /sdd2/workspaces/java2/PDRClient/libs/lwjglx-debug-1.0.0.jar
7f0bf020f000-7f0bf0212000 r--s 000ab000 08:03 25314771                   /home/pcy113/.m2/repository/org/joml/joml/1.10.5/joml-1.10.5.jar
7f0bf0212000-7f0bf0218000 r--s 00102000 08:03 25314770                   /home/pcy113/.m2/repository/com/code-disaster/steamworks4j/steamworks4j/1.9.0/steamworks4j-1.9.0.jar
7f0bf0218000-7f0bf021c000 r--s 0001a000 08:03 25314754                   /home/pcy113/.m2/repository/org/lwjgl/lwjgl-stb/3.3.2/lwjgl-stb-3.3.2.jar
7f0bf021c000-7f0bf0228000 r--s 000d7000 08:03 25314747                   /home/pcy113/.m2/repository/org/lwjgl/lwjgl-opengl/3.3.2/lwjgl-opengl-3.3.2.jar
7f0bf0228000-7f0bf022c000 r--s 00017000 08:03 25314749                   /home/pcy113/.m2/repository/org/lwjgl/lwjgl-openal/3.3.2/lwjgl-openal-3.3.2.jar
7f0bf022c000-7f0bf0231000 r--s 0001d000 08:03 25314748                   /home/pcy113/.m2/repository/org/lwjgl/lwjgl-glfw/3.3.2/lwjgl-glfw-3.3.2.jar
7f0bf0231000-7f0bf0234000 ---p 00000000 00:00 0 
7f0bf0234000-7f0bf0331000 rw-p 00000000 00:00 0 
7f0bf0331000-7f0bf0334000 ---p 00000000 00:00 0 
7f0bf0334000-7f0bf0431000 rw-p 00000000 00:00 0 
7f0bf0431000-7f0bf0434000 ---p 00000000 00:00 0 
7f0bf0434000-7f0bf0531000 rw-p 00000000 00:00 0 
7f0bf0531000-7f0bf0532000 ---p 00000000 00:00 0 
7f0bf0532000-7f0bf4000000 rw-p 00000000 00:00 0 
7f0bf4000000-7f0bf4021000 rw-p 00000000 00:00 0 
7f0bf4021000-7f0bf8000000 ---p 00000000 00:00 0 
7f0bf8000000-7f0bf8021000 rw-p 00000000 00:00 0 
7f0bf8021000-7f0bfc000000 ---p 00000000 00:00 0 
7f0bfc000000-7f0bfc021000 rw-p 00000000 00:00 0 
7f0bfc021000-7f0c00000000 ---p 00000000 00:00 0 
7f0c00000000-7f0c00021000 rw-p 00000000 00:00 0 
7f0c00021000-7f0c04000000 ---p 00000000 00:00 0 
7f0c04000000-7f0c04021000 rw-p 00000000 00:00 0 
7f0c04021000-7f0c08000000 ---p 00000000 00:00 0 
7f0c08000000-7f0c08021000 rw-p 00000000 00:00 0 
7f0c08021000-7f0c0c000000 ---p 00000000 00:00 0 
7f0c0c000000-7f0c0c021000 rw-p 00000000 00:00 0 
7f0c0c021000-7f0c10000000 ---p 00000000 00:00 0 
7f0c10000000-7f0c10021000 rw-p 00000000 00:00 0 
7f0c10021000-7f0c14000000 ---p 00000000 00:00 0 
7f0c14000000-7f0c14021000 rw-p 00000000 00:00 0 
7f0c14021000-7f0c18000000 ---p 00000000 00:00 0 
7f0c18000000-7f0c18021000 rw-p 00000000 00:00 0 
7f0c18021000-7f0c1c000000 ---p 00000000 00:00 0 
7f0c1c000000-7f0c1c001000 rw-p 00000000 00:00 0 
7f0c1c001000-7f0c1c002000 r--s 00042000 08:03 25314765                   /home/pcy113/.m2/repository/com/code-disaster/steamworks4j/steamworks4j-server/1.9.0/steamworks4j-server-1.9.0.jar
7f0c1c002000-7f0c1c003000 r--s 00038000 08:03 25314764                   /home/pcy113/.m2/repository/org/lwjgl/lwjgl-stb/3.3.2/lwjgl-stb-3.3.2-natives-linux.jar
7f0c1c003000-7f0c1c00c000 r--s 000b7000 08:03 25314745                   /home/pcy113/.m2/repository/org/lwjgl/lwjgl/3.3.2/lwjgl-3.3.2.jar
7f0c1c00c000-7f0c1c028000 r--s 00394000 08:03 18220809                   /usr/lib/jvm/java-8-openjdk-amd64/jre/lib/ext/cldrdata.jar
7f0c1c028000-7f0c1c1fa000 r--s 03cc6000 08:03 18220842                   /usr/lib/jvm/java-8-openjdk-amd64/jre/lib/rt.jar
7f0c1c1fa000-7f0c1c9fa000 rw-p 00000000 00:00 0 
7f0c1c9fa000-7f0c1c9fb000 ---p 00000000 00:00 0 
7f0c1c9fb000-7f0c1cafb000 rw-p 00000000 00:00 0 
7f0c1cafb000-7f0c1cafc000 ---p 00000000 00:00 0 
7f0c1cafc000-7f0c1cbfc000 rw-p 00000000 00:00 0 
7f0c1cbfc000-7f0c1cbfd000 ---p 00000000 00:00 0 
7f0c1cbfd000-7f0c1ccfd000 rw-p 00000000 00:00 0 
7f0c1ccfd000-7f0c1ccfe000 ---p 00000000 00:00 0 
7f0c1ccfe000-7f0c1cdfe000 rw-p 00000000 00:00 0 
7f0c1cdfe000-7f0c1cdff000 ---p 00000000 00:00 0 
7f0c1cdff000-7f0c1ceff000 rw-p 00000000 00:00 0 
7f0c1ceff000-7f0c1cf00000 ---p 00000000 00:00 0 
7f0c1cf00000-7f0c1d000000 rw-p 00000000 00:00 0 
7f0c1d000000-7f0c1d760000 rwxp 00000000 00:00 0 
7f0c1d760000-7f0c2c000000 ---p 00000000 00:00 0 
7f0c2c000000-7f0c2d1d9000 rw-p 00000000 00:00 0 
7f0c2d1d9000-7f0c30000000 ---p 00000000 00:00 0 
7f0c30000000-7f0c30001000 r--s 00013000 08:03 25314763                   /home/pcy113/.m2/repository/org/lwjgl/lwjgl-opengl/3.3.2/lwjgl-opengl-3.3.2-natives-linux.jar
7f0c30001000-7f0c30002000 r--s 0008d000 08:03 25314761                   /home/pcy113/.m2/repository/org/lwjgl/lwjgl-openal/3.3.2/lwjgl-openal-3.3.2-natives-linux.jar
7f0c30002000-7f0c3000c000 r--s 00117000 08:03 18220813                   /usr/lib/jvm/java-8-openjdk-amd64/jre/lib/ext/localedata.jar
7f0c3000c000-7f0c30027000 r--s 001d6000 08:03 18220814                   /usr/lib/jvm/java-8-openjdk-amd64/jre/lib/ext/nashorn.jar
7f0c30027000-7f0c30028000 ---p 00000000 00:00 0 
7f0c30028000-7f0c30128000 rw-p 00000000 00:00 0 
7f0c30128000-7f0c30129000 ---p 00000000 00:00 0 
7f0c30129000-7f0c30229000 rw-p 00000000 00:00 0 
7f0c30229000-7f0c3022a000 ---p 00000000 00:00 0 
7f0c3022a000-7f0c3032a000 rw-p 00000000 00:00 0 
7f0c3032a000-7f0c3032b000 ---p 00000000 00:00 0 
7f0c3032b000-7f0c3042b000 rw-p 00000000 00:00 0 
7f0c3042b000-7f0c3042c000 ---p 00000000 00:00 0 
7f0c3042c000-7f0c3052c000 rw-p 00000000 00:00 0 
7f0c3052c000-7f0c3052d000 ---p 00000000 00:00 0 
7f0c3052d000-7f0c306d5000 rw-p 00000000 00:00 0 
7f0c306d5000-7f0c3109b000 ---p 00000000 00:00 0 
7f0c3109b000-7f0c31143000 rw-p 00000000 00:00 0 
7f0c31143000-7f0c31b08000 ---p 00000000 00:00 0 
7f0c31b08000-7f0c31b5c000 rw-p 00000000 00:00 0 
7f0c31b5c000-7f0c3203f000 ---p 00000000 00:00 0 
7f0c3203f000-7f0c3205e000 rw-p 00000000 00:00 0 
7f0c3205e000-7f0c32400000 ---p 00000000 00:00 0 
7f0c32400000-7f0c3249a000 r--p 00000000 08:03 16779825                   /usr/lib/x86_64-linux-gnu/libstdc++.so.6.0.30
7f0c3249a000-7f0c325ab000 r-xp 0009a000 08:03 16779825                   /usr/lib/x86_64-linux-gnu/libstdc++.so.6.0.30
7f0c325ab000-7f0c3261a000 r--p 001ab000 08:03 16779825                   /usr/lib/x86_64-linux-gnu/libstdc++.so.6.0.30
7f0c3261a000-7f0c3261b000 ---p 0021a000 08:03 16779825                   /usr/lib/x86_64-linux-gnu/libstdc++.so.6.0.30
7f0c3261b000-7f0c32626000 r--p 0021a000 08:03 16779825                   /usr/lib/x86_64-linux-gnu/libstdc++.so.6.0.30
7f0c32626000-7f0c32629000 rw-p 00225000 08:03 16779825                   /usr/lib/x86_64-linux-gnu/libstdc++.so.6.0.30
7f0c32629000-7f0c3262c000 rw-p 00000000 00:00 0 
7f0c3262c000-7f0c3262e000 r--s 0001b000 08:03 25314757                   /home/pcy113/.m2/repository/org/lwjgl/lwjgl-glfw/3.3.2/lwjgl-glfw-3.3.2-natives-linux.jar
7f0c3262e000-7f0c32632000 r--s 0003a000 08:03 25314746                   /home/pcy113/.m2/repository/org/lwjgl/lwjgl-assimp/3.3.2/lwjgl-assimp-3.3.2.jar
7f0c32632000-7f0c32635000 r--s 00042000 08:03 18220817                   /usr/lib/jvm/java-8-openjdk-amd64/jre/lib/ext/sunpkcs11.jar
7f0c32635000-7f0c3263b000 r--s 0003e000 08:03 18220816                   /usr/lib/jvm/java-8-openjdk-amd64/jre/lib/ext/sunjce_provider.jar
7f0c3263b000-7f0c326ff000 rw-p 00000000 00:00 0 
7f0c326ff000-7f0c32700000 ---p 00000000 00:00 0 
7f0c32700000-7f0c32800000 rw-p 00000000 00:00 0 
7f0c32800000-7f0c329f6000 r--p 00000000 08:03 18220798                   /usr/lib/jvm/java-8-openjdk-amd64/jre/lib/amd64/server/libjvm.so
7f0c329f6000-7f0c33366000 r-xp 001f6000 08:03 18220798                   /usr/lib/jvm/java-8-openjdk-amd64/jre/lib/amd64/server/libjvm.so
7f0c33366000-7f0c33511000 r--p 00b66000 08:03 18220798                   /usr/lib/jvm/java-8-openjdk-amd64/jre/lib/amd64/server/libjvm.so
7f0c33511000-7f0c33512000 ---p 00d11000 08:03 18220798                   /usr/lib/jvm/java-8-openjdk-amd64/jre/lib/amd64/server/libjvm.so
7f0c33512000-7f0c335a8000 r--p 00d11000 08:03 18220798                   /usr/lib/jvm/java-8-openjdk-amd64/jre/lib/amd64/server/libjvm.so
7f0c335a8000-7f0c335d1000 rw-p 00da7000 08:03 18220798                   /usr/lib/jvm/java-8-openjdk-amd64/jre/lib/amd64/server/libjvm.so
7f0c335d1000-7f0c33604000 rw-p 00000000 00:00 0 
7f0c33604000-7f0c33605000 r--s 003db000 08:03 25314759                   /home/pcy113/.m2/repository/org/lwjgl/lwjgl-assimp/3.3.2/lwjgl-assimp-3.3.2-natives-linux.jar
7f0c33605000-7f0c33607000 r--s 00010000 08:03 18220818                   /usr/lib/jvm/java-8-openjdk-amd64/jre/lib/ext/zipfs.jar
7f0c33607000-7f0c336ff000 rw-p 00000000 00:00 0 
7f0c336ff000-7f0c33700000 ---p 00000000 00:00 0 
7f0c33700000-7f0c33703000 ---p 00000000 00:00 0 
7f0c33703000-7f0c33800000 rw-p 00000000 00:00 0 
7f0c33800000-7f0c33828000 r--p 00000000 08:03 16812196                   /usr/lib/x86_64-linux-gnu/libc.so.6
7f0c33828000-7f0c339bd000 r-xp 00028000 08:03 16812196                   /usr/lib/x86_64-linux-gnu/libc.so.6
7f0c339bd000-7f0c33a15000 r--p 001bd000 08:03 16812196                   /usr/lib/x86_64-linux-gnu/libc.so.6
7f0c33a15000-7f0c33a19000 r--p 00214000 08:03 16812196                   /usr/lib/x86_64-linux-gnu/libc.so.6
7f0c33a19000-7f0c33a1b000 rw-p 00218000 08:03 16812196                   /usr/lib/x86_64-linux-gnu/libc.so.6
7f0c33a1b000-7f0c33a28000 rw-p 00000000 00:00 0 
7f0c33a28000-7f0c33a29000 r--s 0001b000 08:03 25314756                   /home/pcy113/.m2/repository/org/lwjgl/lwjgl/3.3.2/lwjgl-3.3.2-natives-linux.jar
7f0c33a29000-7f0c33a2b000 r--s 00008000 08:03 18220815                   /usr/lib/jvm/java-8-openjdk-amd64/jre/lib/ext/sunec.jar
7f0c33a2b000-7f0c33a2d000 r--s 0000c000 08:03 16917902                   /usr/share/java/java-atk-wrapper.jar
7f0c33a2d000-7f0c33a2f000 r--s 00001000 08:03 18220810                   /usr/lib/jvm/java-8-openjdk-amd64/jre/lib/ext/dnsns.jar
7f0c33a2f000-7f0c33a30000 r--s 0000a000 08:03 18220812                   /usr/lib/jvm/java-8-openjdk-amd64/jre/lib/ext/jaccess.jar
7f0c33a30000-7f0c33a33000 r--p 00000000 08:03 18220795                   /usr/lib/jvm/java-8-openjdk-amd64/jre/lib/amd64/libzip.so
7f0c33a33000-7f0c33a38000 r-xp 00003000 08:03 18220795                   /usr/lib/jvm/java-8-openjdk-amd64/jre/lib/amd64/libzip.so
7f0c33a38000-7f0c33a3a000 r--p 00008000 08:03 18220795                   /usr/lib/jvm/java-8-openjdk-amd64/jre/lib/amd64/libzip.so
7f0c33a3a000-7f0c33a3b000 r--p 00009000 08:03 18220795                   /usr/lib/jvm/java-8-openjdk-amd64/jre/lib/amd64/libzip.so
7f0c33a3b000-7f0c33a3c000 rw-p 0000a000 08:03 18220795                   /usr/lib/jvm/java-8-openjdk-amd64/jre/lib/amd64/libzip.so
7f0c33a3c000-7f0c33a44000 rw-s 00000000 08:03 52560485                   /tmp/hsperfdata_pcy113/100170
7f0c33a44000-7f0c33a46000 r--p 00000000 08:03 18220771                   /usr/lib/jvm/java-8-openjdk-amd64/jre/lib/amd64/libinstrument.so
7f0c33a46000-7f0c33a4c000 r-xp 00002000 08:03 18220771                   /usr/lib/jvm/java-8-openjdk-amd64/jre/lib/amd64/libinstrument.so
7f0c33a4c000-7f0c33a4f000 r--p 00008000 08:03 18220771                   /usr/lib/jvm/java-8-openjdk-amd64/jre/lib/amd64/libinstrument.so
7f0c33a4f000-7f0c33a50000 r--p 0000a000 08:03 18220771                   /usr/lib/jvm/java-8-openjdk-amd64/jre/lib/amd64/libinstrument.so
7f0c33a50000-7f0c33a51000 rw-p 0000b000 08:03 18220771                   /usr/lib/jvm/java-8-openjdk-amd64/jre/lib/amd64/libinstrument.so
7f0c33a51000-7f0c33a5e000 r--p 00000000 08:03 18220776                   /usr/lib/jvm/java-8-openjdk-amd64/jre/lib/amd64/libjava.so
7f0c33a5e000-7f0c33a76000 r-xp 0000d000 08:03 18220776                   /usr/lib/jvm/java-8-openjdk-amd64/jre/lib/amd64/libjava.so
7f0c33a76000-7f0c33a7d000 r--p 00025000 08:03 18220776                   /usr/lib/jvm/java-8-openjdk-amd64/jre/lib/amd64/libjava.so
7f0c33a7d000-7f0c33a7e000 r--p 0002b000 08:03 18220776                   /usr/lib/jvm/java-8-openjdk-amd64/jre/lib/amd64/libjava.so
7f0c33a7e000-7f0c33a80000 rw-p 0002c000 08:03 18220776                   /usr/lib/jvm/java-8-openjdk-amd64/jre/lib/amd64/libjava.so
7f0c33a80000-7f0c33a81000 r--p 00000000 08:03 16813172                   /usr/lib/x86_64-linux-gnu/librt.so.1
7f0c33a81000-7f0c33a82000 r-xp 00001000 08:03 16813172                   /usr/lib/x86_64-linux-gnu/librt.so.1
7f0c33a82000-7f0c33a83000 r--p 00002000 08:03 16813172                   /usr/lib/x86_64-linux-gnu/librt.so.1
7f0c33a83000-7f0c33a84000 r--p 00002000 08:03 16813172                   /usr/lib/x86_64-linux-gnu/librt.so.1
7f0c33a84000-7f0c33a85000 rw-p 00003000 08:03 16813172                   /usr/lib/x86_64-linux-gnu/librt.so.1
7f0c33a85000-7f0c33a88000 r--p 00000000 08:03 16779829                   /usr/lib/x86_64-linux-gnu/libgcc_s.so.1
7f0c33a88000-7f0c33a9f000 r-xp 00003000 08:03 16779829                   /usr/lib/x86_64-linux-gnu/libgcc_s.so.1
7f0c33a9f000-7f0c33aa3000 r--p 0001a000 08:03 16779829                   /usr/lib/x86_64-linux-gnu/libgcc_s.so.1
7f0c33aa3000-7f0c33aa4000 r--p 0001d000 08:03 16779829                   /usr/lib/x86_64-linux-gnu/libgcc_s.so.1
7f0c33aa4000-7f0c33aa5000 rw-p 0001e000 08:03 16779829                   /usr/lib/x86_64-linux-gnu/libgcc_s.so.1
7f0c33aa5000-7f0c33ab3000 r--p 00000000 08:03 16812847                   /usr/lib/x86_64-linux-gnu/libm.so.6
7f0c33ab3000-7f0c33b2f000 r-xp 0000e000 08:03 16812847                   /usr/lib/x86_64-linux-gnu/libm.so.6
7f0c33b2f000-7f0c33b8a000 r--p 0008a000 08:03 16812847                   /usr/lib/x86_64-linux-gnu/libm.so.6
7f0c33b8a000-7f0c33b8b000 r--p 000e4000 08:03 16812847                   /usr/lib/x86_64-linux-gnu/libm.so.6
7f0c33b8b000-7f0c33b8c000 rw-p 000e5000 08:03 16812847                   /usr/lib/x86_64-linux-gnu/libm.so.6
7f0c33b8c000-7f0c33b8e000 rw-p 00000000 00:00 0 
7f0c33b8e000-7f0c33b90000 r--p 00000000 08:03 16813550                   /usr/lib/x86_64-linux-gnu/libz.so.1.2.11
7f0c33b90000-7f0c33ba1000 r-xp 00002000 08:03 16813550                   /usr/lib/x86_64-linux-gnu/libz.so.1.2.11
7f0c33ba1000-7f0c33ba7000 r--p 00013000 08:03 16813550                   /usr/lib/x86_64-linux-gnu/libz.so.1.2.11
7f0c33ba7000-7f0c33ba8000 ---p 00019000 08:03 16813550                   /usr/lib/x86_64-linux-gnu/libz.so.1.2.11
7f0c33ba8000-7f0c33ba9000 r--p 00019000 08:03 16813550                   /usr/lib/x86_64-linux-gnu/libz.so.1.2.11
7f0c33ba9000-7f0c33baa000 rw-p 0001a000 08:03 16813550                   /usr/lib/x86_64-linux-gnu/libz.so.1.2.11
7f0c33baa000-7f0c33bad000 r--s 0000f000 08:03 18220811                   /usr/lib/jvm/java-8-openjdk-amd64/jre/lib/ext/icedtea-sound.jar
7f0c33bad000-7f0c33bae000 rw-p 00000000 00:00 0 
7f0c33bae000-7f0c33bb3000 r--p 00000000 08:03 18220794                   /usr/lib/jvm/java-8-openjdk-amd64/jre/lib/amd64/libverify.so
7f0c33bb3000-7f0c33bbc000 r-xp 00005000 08:03 18220794                   /usr/lib/jvm/java-8-openjdk-amd64/jre/lib/amd64/libverify.so
7f0c33bbc000-7f0c33bbe000 r--p 0000e000 08:03 18220794                   /usr/lib/jvm/java-8-openjdk-amd64/jre/lib/amd64/libverify.so
7f0c33bbe000-7f0c33bc0000 r--p 0000f000 08:03 18220794                   /usr/lib/jvm/java-8-openjdk-amd64/jre/lib/amd64/libverify.so
7f0c33bc0000-7f0c33bc1000 rw-p 00011000 08:03 18220794                   /usr/lib/jvm/java-8-openjdk-amd64/jre/lib/amd64/libverify.so
7f0c33bc1000-7f0c33bc4000 r--p 00000000 08:03 18220762                   /usr/lib/jvm/java-8-openjdk-amd64/jre/lib/amd64/jli/libjli.so
7f0c33bc4000-7f0c33bcd000 r-xp 00003000 08:03 18220762                   /usr/lib/jvm/java-8-openjdk-amd64/jre/lib/amd64/jli/libjli.so
7f0c33bcd000-7f0c33bd0000 r--p 0000c000 08:03 18220762                   /usr/lib/jvm/java-8-openjdk-amd64/jre/lib/amd64/jli/libjli.so
7f0c33bd0000-7f0c33bd1000 r--p 0000e000 08:03 18220762                   /usr/lib/jvm/java-8-openjdk-amd64/jre/lib/amd64/jli/libjli.so
7f0c33bd1000-7f0c33bd2000 rw-p 0000f000 08:03 18220762                   /usr/lib/jvm/java-8-openjdk-amd64/jre/lib/amd64/jli/libjli.so
7f0c33bd2000-7f0c33bd4000 rw-p 00000000 00:00 0 
7f0c33bd4000-7f0c33bd6000 r--p 00000000 08:03 16810928                   /usr/lib/x86_64-linux-gnu/ld-linux-x86-64.so.2
7f0c33bd6000-7f0c33c00000 r-xp 00002000 08:03 16810928                   /usr/lib/x86_64-linux-gnu/ld-linux-x86-64.so.2
7f0c33c00000-7f0c33c0b000 r--p 0002c000 08:03 16810928                   /usr/lib/x86_64-linux-gnu/ld-linux-x86-64.so.2
7f0c33c0b000-7f0c33c0c000 r--p 00000000 00:00 0 
7f0c33c0c000-7f0c33c0e000 r--p 00037000 08:03 16810928                   /usr/lib/x86_64-linux-gnu/ld-linux-x86-64.so.2
7f0c33c0e000-7f0c33c10000 rw-p 00039000 08:03 16810928                   /usr/lib/x86_64-linux-gnu/ld-linux-x86-64.so.2
7ffd49fe0000-7ffd4a001000 rw-p 00000000 00:00 0                          [stack]
7ffd4a107000-7ffd4a10b000 r--p 00000000 00:00 0                          [vvar]
7ffd4a10b000-7ffd4a10d000 r-xp 00000000 00:00 0                          [vdso]
ffffffffff600000-ffffffffff601000 --xp 00000000 00:00 0                  [vsyscall]

VM Arguments:
jvm_args: -javaagent:libs/lwjglx-debug-1.0.0.jar -Dorg.lwjglx.TRACE -Dorg.lwjglx.OUTPUT=./logs/trace.log 
java_command: lu.pcy113.pdr.client.ClientMain
java_class_path (initial): /sdd2/workspaces/java2/PDRClient/target/classes:/home/pcy113/.m2/repository/org/lwjgl/lwjgl/3.3.2/lwjgl-3.3.2.jar:/home/pcy113/.m2/repository/org/lwjgl/lwjgl-assimp/3.3.2/lwjgl-assimp-3.3.2.jar:/home/pcy113/.m2/repository/org/lwjgl/lwjgl-glfw/3.3.2/lwjgl-glfw-3.3.2.jar:/home/pcy113/.m2/repository/org/lwjgl/lwjgl-openal/3.3.2/lwjgl-openal-3.3.2.jar:/home/pcy113/.m2/repository/org/lwjgl/lwjgl-opengl/3.3.2/lwjgl-opengl-3.3.2.jar:/home/pcy113/.m2/repository/org/lwjgl/lwjgl-stb/3.3.2/lwjgl-stb-3.3.2.jar:/home/pcy113/.m2/repository/org/lwjgl/lwjgl/3.3.2/lwjgl-3.3.2-natives-linux.jar:/home/pcy113/.m2/repository/org/lwjgl/lwjgl-assimp/3.3.2/lwjgl-assimp-3.3.2-natives-linux.jar:/home/pcy113/.m2/repository/org/lwjgl/lwjgl-glfw/3.3.2/lwjgl-glfw-3.3.2-natives-linux.jar:/home/pcy113/.m2/repository/org/lwjgl/lwjgl-openal/3.3.2/lwjgl-openal-3.3.2-natives-linux.jar:/home/pcy113/.m2/repository/org/lwjgl/lwjgl-opengl/3.3.2/lwjgl-opengl-3.3.2-natives-linux.jar:/home/pcy113/.m2/repository/org/lwjgl/lwjgl-stb/3.3.2/lwjgl-stb-3.3.2-natives-linux.jar:/home/pcy113/.m2/repository/com/code-disaster/steamworks4j/steamworks4j-server/1.9.0/steamworks4j-server-1.9.0.jar:/home/pcy113/.m2/repository/com/code-disaster/steamworks4j/steamworks4j/1.9.0/steamworks4j-1.9.0.jar:/home/pcy113/.m2/repository/org/joml/joml/1.10.5/joml-1.10.5.jar:libs/lwjglx-debug-1.0.0.jar
Launcher Type: SUN_STANDARD

Environment Variables:
PATH=/home/pcy113/.local/bin:/usr/local/sbin:/usr/local/bin:/usr/sbin:/usr/bin:/sbin:/bin:/usr/games:/usr/local/games:/snap/bin:/snap/bin
USERNAME=pcy113
SHELL=/bin/bash
DISPLAY=:1

Signal Handlers:
SIGSEGV: [libjvm.so+0xb3f5e0], sa_mask[0]=11111111011111111101111111111110, sa_flags=SA_RESTART|SA_SIGINFO
SIGBUS: [libjvm.so+0xb3f5e0], sa_mask[0]=11111111011111111101111111111110, sa_flags=SA_RESTART|SA_SIGINFO
SIGFPE: [libjvm.so+0x97dee0], sa_mask[0]=11111111011111111101111111111110, sa_flags=SA_RESTART|SA_SIGINFO
SIGPIPE: [libjvm.so+0x97dee0], sa_mask[0]=11111111011111111101111111111110, sa_flags=SA_RESTART|SA_SIGINFO
SIGXFSZ: [libjvm.so+0x97dee0], sa_mask[0]=11111111011111111101111111111110, sa_flags=SA_RESTART|SA_SIGINFO
SIGILL: [libjvm.so+0x97dee0], sa_mask[0]=11111111011111111101111111111110, sa_flags=SA_RESTART|SA_SIGINFO
SIGUSR1: SIG_DFL, sa_mask[0]=00000000000000000000000000000000, sa_flags=none
SIGUSR2: [libjvm.so+0x97e210], sa_mask[0]=00100000000000000000000000000000, sa_flags=SA_RESTART|SA_SIGINFO
SIGHUP: [libjvm.so+0x97e160], sa_mask[0]=11111111011111111101111111111110, sa_flags=SA_RESTART|SA_SIGINFO
SIGINT: [libjvm.so+0x97e160], sa_mask[0]=11111111011111111101111111111110, sa_flags=SA_RESTART|SA_SIGINFO
SIGTERM: [libjvm.so+0x97e160], sa_mask[0]=11111111011111111101111111111110, sa_flags=SA_RESTART|SA_SIGINFO
SIGQUIT: [libjvm.so+0x97e160], sa_mask[0]=11111111011111111101111111111110, sa_flags=SA_RESTART|SA_SIGINFO


---------------  S Y S T E M  ---------------

OS:DISTRIB_ID=Ubuntu
DISTRIB_RELEASE=22.04
DISTRIB_CODENAME=jammy
DISTRIB_DESCRIPTION="Ubuntu 22.04.3 LTS"

uname:Linux 6.2.0-26-generic #26~22.04.1-Ubuntu SMP PREEMPT_DYNAMIC Thu Jul 13 16:27:29 UTC 2 x86_64
libc:glibc 2.35 NPTL 2.35 
rlimit: STACK 8192k, CORE 0k, NPROC 127782, NOFILE 1048576, AS infinity
load average:2,40 2,48 2,56

/proc/meminfo:
MemTotal:       32795608 kB
MemFree:         2097340 kB
MemAvailable:   23415692 kB
Buffers:         6463912 kB
Cached:         14850656 kB
SwapCached:            0 kB
Active:          5167988 kB
Inactive:       24252240 kB
Active(anon):       4176 kB
Inactive(anon):  8170784 kB
Active(file):    5163812 kB
Inactive(file): 16081456 kB
Unevictable:         248 kB
Mlocked:             248 kB
SwapTotal:      11718652 kB
SwapFree:       11718652 kB
Zswap:                 0 kB
Zswapped:              0 kB
Dirty:              4808 kB
Writeback:             0 kB
AnonPages:       8106324 kB
Mapped:           964996 kB
Shmem:             69272 kB
KReclaimable:     541224 kB
Slab:             835788 kB
SReclaimable:     541224 kB
SUnreclaim:       294564 kB
KernelStack:       25424 kB
PageTables:        60852 kB
SecPageTables:         0 kB
NFS_Unstable:          0 kB
Bounce:                0 kB
WritebackTmp:          0 kB
CommitLimit:    28116456 kB
Committed_AS:   15776960 kB
VmallocTotal:   34359738367 kB
VmallocUsed:      124380 kB
VmallocChunk:          0 kB
Percpu:            16192 kB
HardwareCorrupted:     0 kB
AnonHugePages:         0 kB
ShmemHugePages:        0 kB
ShmemPmdMapped:        0 kB
FileHugePages:         0 kB
FilePmdMapped:         0 kB
HugePages_Total:       0
HugePages_Free:        0
HugePages_Rsvd:        0
HugePages_Surp:        0
Hugepagesize:       2048 kB
Hugetlb:               0 kB
DirectMap4k:     6135200 kB
DirectMap2M:    21067776 kB
DirectMap1G:     6291456 kB

container (cgroup) information:
container_type: cgroupv2
cpu_cpuset_cpus: failed
cpu_memory_nodes: failed
active_processor_count: 16
cpu_quota: -2
cpu_period: -2
cpu_shares: -2
memory_limit_in_bytes: -1
memory_and_swap_limit_in_bytes: -1
memory_soft_limit_in_bytes: 0
memory_usage_in_bytes: 3843444736
memory_max_usage_in_bytes: -2


CPU:total 16 (initial active 16) (8 cores per cpu, 2 threads per core) family 6 model 158 stepping 13, cmov, cx8, fxsr, mmx, sse, sse2, sse3, ssse3, sse4.1, sse4.2, popcnt, avx, avx2, aes, clmul, erms, rtm, 3dnowpref, lzcnt, ht, tsc, tscinvbit, bmi1, bmi2, adx

/proc/cpuinfo:
processor	: 0
vendor_id	: GenuineIntel
cpu family	: 6
model		: 158
model name	: Intel(R) Core(TM) i9-9900 CPU @ 3.10GHz
stepping	: 13
microcode	: 0xfa
cpu MHz		: 4598.607
cache size	: 16384 KB
physical id	: 0
siblings	: 16
core id		: 0
cpu cores	: 8
apicid		: 0
initial apicid	: 0
fpu		: yes
fpu_exception	: yes
cpuid level	: 22
wp		: yes
flags		: fpu vme de pse tsc msr pae mce cx8 apic sep mtrr pge mca cmov pat pse36 clflush dts acpi mmx fxsr sse sse2 ss ht tm pbe syscall nx pdpe1gb rdtscp lm constant_tsc art arch_perfmon pebs bts rep_good nopl xtopology nonstop_tsc cpuid aperfmperf pni pclmulqdq dtes64 monitor ds_cpl vmx smx est tm2 ssse3 sdbg fma cx16 xtpr pdcm pcid sse4_1 sse4_2 x2apic movbe popcnt tsc_deadline_timer aes xsave avx f16c rdrand lahf_lm abm 3dnowprefetch cpuid_fault invpcid_single ssbd ibrs ibpb stibp ibrs_enhanced tpr_shadow vnmi flexpriority ept vpid ept_ad fsgsbase tsc_adjust bmi1 avx2 smep bmi2 erms invpcid mpx rdseed adx smap clflushopt intel_pt xsaveopt xsavec xgetbv1 xsaves dtherm ida arat pln pts hwp hwp_notify hwp_act_window hwp_epp md_clear flush_l1d arch_capabilities
vmx flags	: vnmi preemption_timer invvpid ept_x_only ept_ad ept_1gb flexpriority tsc_offset vtpr mtf vapic ept vpid unrestricted_guest ple shadow_vmcs pml ept_mode_based_exec
bugs		: spectre_v1 spectre_v2 spec_store_bypass swapgs taa itlb_multihit srbds mmio_stale_data retbleed eibrs_pbrsb
bogomips	: 6199.99
clflush size	: 64
cache_alignment	: 64
address sizes	: 39 bits physical, 48 bits virtual
power management:

processor	: 1
vendor_id	: GenuineIntel
cpu family	: 6
model		: 158
model name	: Intel(R) Core(TM) i9-9900 CPU @ 3.10GHz
stepping	: 13
microcode	: 0xfa
cpu MHz		: 4523.483
cache size	: 16384 KB
physical id	: 0
siblings	: 16
core id		: 1
cpu cores	: 8
apicid		: 2
initial apicid	: 2
fpu		: yes
fpu_exception	: yes
cpuid level	: 22
wp		: yes
flags		: fpu vme de pse tsc msr pae mce cx8 apic sep mtrr pge mca cmov pat pse36 clflush dts acpi mmx fxsr sse sse2 ss ht tm pbe syscall nx pdpe1gb rdtscp lm constant_tsc art arch_perfmon pebs bts rep_good nopl xtopology nonstop_tsc cpuid aperfmperf pni pclmulqdq dtes64 monitor ds_cpl vmx smx est tm2 ssse3 sdbg fma cx16 xtpr pdcm pcid sse4_1 sse4_2 x2apic movbe popcnt tsc_deadline_timer aes xsave avx f16c rdrand lahf_lm abm 3dnowprefetch cpuid_fault invpcid_single ssbd ibrs ibpb stibp ibrs_enhanced tpr_shadow vnmi flexpriority ept vpid ept_ad fsgsbase tsc_adjust bmi1 avx2 smep bmi2 erms invpcid mpx rdseed adx smap clflushopt intel_pt xsaveopt xsavec xgetbv1 xsaves dtherm ida arat pln pts hwp hwp_notify hwp_act_window hwp_epp md_clear flush_l1d arch_capabilities
vmx flags	: vnmi preemption_timer invvpid ept_x_only ept_ad ept_1gb flexpriority tsc_offset vtpr mtf vapic ept vpid unrestricted_guest ple shadow_vmcs pml ept_mode_based_exec
bugs		: spectre_v1 spectre_v2 spec_store_bypass swapgs taa itlb_multihit srbds mmio_stale_data retbleed eibrs_pbrsb
bogomips	: 6199.99
clflush size	: 64
cache_alignment	: 64
address sizes	: 39 bits physical, 48 bits virtual
power management:

processor	: 2
vendor_id	: GenuineIntel
cpu family	: 6
model		: 158
model name	: Intel(R) Core(TM) i9-9900 CPU @ 3.10GHz
stepping	: 13
microcode	: 0xfa
cpu MHz		: 4599.996
cache size	: 16384 KB
physical id	: 0
siblings	: 16
core id		: 2
cpu cores	: 8
apicid		: 4
initial apicid	: 4
fpu		: yes
fpu_exception	: yes
cpuid level	: 22
wp		: yes
flags		: fpu vme de pse tsc msr pae mce cx8 apic sep mtrr pge mca cmov pat pse36 clflush dts acpi mmx fxsr sse sse2 ss ht tm pbe syscall nx pdpe1gb rdtscp lm constant_tsc art arch_perfmon pebs bts rep_good nopl xtopology nonstop_tsc cpuid aperfmperf pni pclmulqdq dtes64 monitor ds_cpl vmx smx est tm2 ssse3 sdbg fma cx16 xtpr pdcm pcid sse4_1 sse4_2 x2apic movbe popcnt tsc_deadline_timer aes xsave avx f16c rdrand lahf_lm abm 3dnowprefetch cpuid_fault invpcid_single ssbd ibrs ibpb stibp ibrs_enhanced tpr_shadow vnmi flexpriority ept vpid ept_ad fsgsbase tsc_adjust bmi1 avx2 smep bmi2 erms invpcid mpx rdseed adx smap clflushopt intel_pt xsaveopt xsavec xgetbv1 xsaves dtherm ida arat pln pts hwp hwp_notify hwp_act_window hwp_epp md_clear flush_l1d arch_capabilities
vmx flags	: vnmi preemption_timer invvpid ept_x_only ept_ad ept_1gb flexpriority tsc_offset vtpr mtf vapic ept vpid unrestricted_guest ple shadow_vmcs pml ept_mode_based_exec
bugs		: spectre_v1 spectre_v2 spec_store_bypass swapgs taa itlb_multihit srbds mmio_stale_data retbleed eibrs_pbrsb
bogomips	: 6199.99
clflush size	: 64
cache_alignment	: 64
address sizes	: 39 bits physical, 48 bits virtual
power management:

processor	: 3
vendor_id	: GenuineIntel
cpu family	: 6
model		: 158
model name	: Intel(R) Core(TM) i9-9900 CPU @ 3.10GHz
stepping	: 13
microcode	: 0xfa
cpu MHz		: 4599.566
cache size	: 16384 KB
physical id	: 0
siblings	: 16
core id		: 3
cpu cores	: 8
apicid		: 6
initial apicid	: 6
fpu		: yes
fpu_exception	: yes
cpuid level	: 22
wp		: yes
flags		: fpu vme de pse tsc msr pae mce cx8 apic sep mtrr pge mca cmov pat pse36 clflush dts acpi mmx fxsr sse sse2 ss ht tm pbe syscall nx pdpe1gb rdtscp lm constant_tsc art arch_perfmon pebs bts rep_good nopl xtopology nonstop_tsc cpuid aperfmperf pni pclmulqdq dtes64 monitor ds_cpl vmx smx est tm2 ssse3 sdbg fma cx16 xtpr pdcm pcid sse4_1 sse4_2 x2apic movbe popcnt tsc_deadline_timer aes xsave avx f16c rdrand lahf_lm abm 3dnowprefetch cpuid_fault invpcid_single ssbd ibrs ibpb stibp ibrs_enhanced tpr_shadow vnmi flexpriority ept vpid ept_ad fsgsbase tsc_adjust bmi1 avx2 smep bmi2 erms invpcid mpx rdseed adx smap clflushopt intel_pt xsaveopt xsavec xgetbv1 xsaves dtherm ida arat pln pts hwp hwp_notify hwp_act_window hwp_epp md_clear flush_l1d arch_capabilities
vmx flags	: vnmi preemption_timer invvpid ept_x_only ept_ad ept_1gb flexpriority tsc_offset vtpr mtf vapic ept vpid unrestricted_guest ple shadow_vmcs pml ept_mode_based_exec
bugs		: spectre_v1 spectre_v2 spec_store_bypass swapgs taa itlb_multihit srbds mmio_stale_data retbleed eibrs_pbrsb
bogomips	: 6199.99
clflush size	: 64
cache_alignment	: 64
address sizes	: 39 bits physical, 48 bits virtual
power management:

processor	: 4
vendor_id	: GenuineIntel
cpu family	: 6
model		: 158
model name	: Intel(R) Core(TM) i9-9900 CPU @ 3.10GHz
stepping	: 13
microcode	: 0xfa
cpu MHz		: 4599.329
cache size	: 16384 KB
physical id	: 0
siblings	: 16
core id		: 4
cpu cores	: 8
apicid		: 8
initial apicid	: 8
fpu		: yes
fpu_exception	: yes
cpuid level	: 22
wp		: yes
flags		: fpu vme de pse tsc msr pae mce cx8 apic sep mtrr pge mca cmov pat pse36 clflush dts acpi mmx fxsr sse sse2 ss ht tm pbe syscall nx pdpe1gb rdtscp lm constant_tsc art arch_perfmon pebs bts rep_good nopl xtopology nonstop_tsc cpuid aperfmperf pni pclmulqdq dtes64 monitor ds_cpl vmx smx est tm2 ssse3 sdbg fma cx16 xtpr pdcm pcid sse4_1 sse4_2 x2apic movbe popcnt tsc_deadline_timer aes xsave avx f16c rdrand lahf_lm abm 3dnowprefetch cpuid_fault invpcid_single ssbd ibrs ibpb stibp ibrs_enhanced tpr_shadow vnmi flexpriority ept vpid ept_ad fsgsbase tsc_adjust bmi1 avx2 smep bmi2 erms invpcid mpx rdseed adx smap clflushopt intel_pt xsaveopt xsavec xgetbv1 xsaves dtherm ida arat pln pts hwp hwp_notify hwp_act_window hwp_epp md_clear flush_l1d arch_capabilities
vmx flags	: vnmi preemption_timer invvpid ept_x_only ept_ad ept_1gb flexpriority tsc_offset vtpr mtf vapic ept vpid unrestricted_guest ple shadow_vmcs pml ept_mode_based_exec
bugs		: spectre_v1 spectre_v2 spec_store_bypass swapgs taa itlb_multihit srbds mmio_stale_data retbleed eibrs_pbrsb
bogomips	: 6199.99
clflush size	: 64
cache_alignment	: 64
address sizes	: 39 bits physical, 48 bits virtual
power management:

processor	: 5
vendor_id	: GenuineIntel
cpu family	: 6
model		: 158
model name	: Intel(R) Core(TM) i9-9900 CPU @ 3.10GHz
stepping	: 13
microcode	: 0xfa
cpu MHz		: 4599.773
cache size	: 16384 KB
physical id	: 0
siblings	: 16
core id		: 5
cpu cores	: 8
apicid		: 10
initial apicid	: 10
fpu		: yes
fpu_exception	: yes
cpuid level	: 22
wp		: yes
flags		: fpu vme de pse tsc msr pae mce cx8 apic sep mtrr pge mca cmov pat pse36 clflush dts acpi mmx fxsr sse sse2 ss ht tm pbe syscall nx pdpe1gb rdtscp lm constant_tsc art arch_perfmon pebs bts rep_good nopl xtopology nonstop_tsc cpuid aperfmperf pni pclmulqdq dtes64 monitor ds_cpl vmx smx est tm2 ssse3 sdbg fma cx16 xtpr pdcm pcid sse4_1 sse4_2 x2apic movbe popcnt tsc_deadline_timer aes xsave avx f16c rdrand lahf_lm abm 3dnowprefetch cpuid_fault invpcid_single ssbd ibrs ibpb stibp ibrs_enhanced tpr_shadow vnmi flexpriority ept vpid ept_ad fsgsbase tsc_adjust bmi1 avx2 smep bmi2 erms invpcid mpx rdseed adx smap clflushopt intel_pt xsaveopt xsavec xgetbv1 xsaves dtherm ida arat pln pts hwp hwp_notify hwp_act_window hwp_epp md_clear flush_l1d arch_capabilities
vmx flags	: vnmi preemption_timer invvpid ept_x_only ept_ad ept_1gb flexpriority tsc_offset vtpr mtf vapic ept vpid unrestricted_guest ple shadow_vmcs pml ept_mode_based_exec
bugs		: spectre_v1 spectre_v2 spec_store_bypass swapgs taa itlb_multihit srbds mmio_stale_data retbleed eibrs_pbrsb
bogomips	: 6199.99
clflush size	: 64
cache_alignment	: 64
address sizes	: 39 bits physical, 48 bits virtual
power management:

processor	: 6
vendor_id	: GenuineIntel
cpu family	: 6
model		: 158
model name	: Intel(R) Core(TM) i9-9900 CPU @ 3.10GHz
stepping	: 13
microcode	: 0xfa
cpu MHz		: 3100.000
cache size	: 16384 KB
physical id	: 0
siblings	: 16
core id		: 6
cpu cores	: 8
apicid		: 12
initial apicid	: 12
fpu		: yes
fpu_exception	: yes
cpuid level	: 22
wp		: yes
flags		: fpu vme de pse tsc msr pae mce cx8 apic sep mtrr pge mca cmov pat pse36 clflush dts acpi mmx fxsr sse sse2 ss ht tm pbe syscall nx pdpe1gb rdtscp lm constant_tsc art arch_perfmon pebs bts rep_good nopl xtopology nonstop_tsc cpuid aperfmperf pni pclmulqdq dtes64 monitor ds_cpl vmx smx est tm2 ssse3 sdbg fma cx16 xtpr pdcm pcid sse4_1 sse4_2 x2apic movbe popcnt tsc_deadline_timer aes xsave avx f16c rdrand lahf_lm abm 3dnowprefetch cpuid_fault invpcid_single ssbd ibrs ibpb stibp ibrs_enhanced tpr_shadow vnmi flexpriority ept vpid ept_ad fsgsbase tsc_adjust bmi1 avx2 smep bmi2 erms invpcid mpx rdseed adx smap clflushopt intel_pt xsaveopt xsavec xgetbv1 xsaves dtherm ida arat pln pts hwp hwp_notify hwp_act_window hwp_epp md_clear flush_l1d arch_capabilities
vmx flags	: vnmi preemption_timer invvpid ept_x_only ept_ad ept_1gb flexpriority tsc_offset vtpr mtf vapic ept vpid unrestricted_guest ple shadow_vmcs pml ept_mode_based_exec
bugs		: spectre_v1 spectre_v2 spec_store_bypass swapgs taa itlb_multihit srbds mmio_stale_data retbleed eibrs_pbrsb
bogomips	: 6199.99
clflush size	: 64
cache_alignment	: 64
address sizes	: 39 bits physical, 48 bits virtual
power management:

processor	: 7
vendor_id	: GenuineIntel
cpu family	: 6
model		: 158
model name	: Intel(R) Core(TM) i9-9900 CPU @ 3.10GHz
stepping	: 13
microcode	: 0xfa
cpu MHz		: 4599.997
cache size	: 16384 KB
physical id	: 0
siblings	: 16
core id		: 7
cpu cores	: 8
apicid		: 14
initial apicid	: 14
fpu		: yes
fpu_exception	: yes
cpuid level	: 22
wp		: yes
flags		: fpu vme de pse tsc msr pae mce cx8 apic sep mtrr pge mca cmov pat pse36 clflush dts acpi mmx fxsr sse sse2 ss ht tm pbe syscall nx pdpe1gb rdtscp lm constant_tsc art arch_perfmon pebs bts rep_good nopl xtopology nonstop_tsc cpuid aperfmperf pni pclmulqdq dtes64 monitor ds_cpl vmx smx est tm2 ssse3 sdbg fma cx16 xtpr pdcm pcid sse4_1 sse4_2 x2apic movbe popcnt tsc_deadline_timer aes xsave avx f16c rdrand lahf_lm abm 3dnowprefetch cpuid_fault invpcid_single ssbd ibrs ibpb stibp ibrs_enhanced tpr_shadow vnmi flexpriority ept vpid ept_ad fsgsbase tsc_adjust bmi1 avx2 smep bmi2 erms invpcid mpx rdseed adx smap clflushopt intel_pt xsaveopt xsavec xgetbv1 xsaves dtherm ida arat pln pts hwp hwp_notify hwp_act_window hwp_epp md_clear flush_l1d arch_capabilities
vmx flags	: vnmi preemption_timer invvpid ept_x_only ept_ad ept_1gb flexpriority tsc_offset vtpr mtf vapic ept vpid unrestricted_guest ple shadow_vmcs pml ept_mode_based_exec
bugs		: spectre_v1 spectre_v2 spec_store_bypass swapgs taa itlb_multihit srbds mmio_stale_data retbleed eibrs_pbrsb
bogomips	: 6199.99
clflush size	: 64
cache_alignment	: 64
address sizes	: 39 bits physical, 48 bits virtual
power management:

processor	: 8
vendor_id	: GenuineIntel
cpu family	: 6
model		: 158
model name	: Intel(R) Core(TM) i9-9900 CPU @ 3.10GHz
stepping	: 13
microcode	: 0xfa
cpu MHz		: 4599.885
cache size	: 16384 KB
physical id	: 0
siblings	: 16
core id		: 0
cpu cores	: 8
apicid		: 1
initial apicid	: 1
fpu		: yes
fpu_exception	: yes
cpuid level	: 22
wp		: yes
flags		: fpu vme de pse tsc msr pae mce cx8 apic sep mtrr pge mca cmov pat pse36 clflush dts acpi mmx fxsr sse sse2 ss ht tm pbe syscall nx pdpe1gb rdtscp lm constant_tsc art arch_perfmon pebs bts rep_good nopl xtopology nonstop_tsc cpuid aperfmperf pni pclmulqdq dtes64 monitor ds_cpl vmx smx est tm2 ssse3 sdbg fma cx16 xtpr pdcm pcid sse4_1 sse4_2 x2apic movbe popcnt tsc_deadline_timer aes xsave avx f16c rdrand lahf_lm abm 3dnowprefetch cpuid_fault invpcid_single ssbd ibrs ibpb stibp ibrs_enhanced tpr_shadow vnmi flexpriority ept vpid ept_ad fsgsbase tsc_adjust bmi1 avx2 smep bmi2 erms invpcid mpx rdseed adx smap clflushopt intel_pt xsaveopt xsavec xgetbv1 xsaves dtherm ida arat pln pts hwp hwp_notify hwp_act_window hwp_epp md_clear flush_l1d arch_capabilities
vmx flags	: vnmi preemption_timer invvpid ept_x_only ept_ad ept_1gb flexpriority tsc_offset vtpr mtf vapic ept vpid unrestricted_guest ple shadow_vmcs pml ept_mode_based_exec
bugs		: spectre_v1 spectre_v2 spec_store_bypass swapgs taa itlb_multihit srbds mmio_stale_data retbleed eibrs_pbrsb
bogomips	: 6199.99
clflush size	: 64
cache_alignment	: 64
address sizes	: 39 bits physical, 48 bits virtual
power management:

processor	: 9
vendor_id	: GenuineIntel
cpu family	: 6
model		: 158
model name	: Intel(R) Core(TM) i9-9900 CPU @ 3.10GHz
stepping	: 13
microcode	: 0xfa
cpu MHz		: 4593.115
cache size	: 16384 KB
physical id	: 0
siblings	: 16
core id		: 1
cpu cores	: 8
apicid		: 3
initial apicid	: 3
fpu		: yes
fpu_exception	: yes
cpuid level	: 22
wp		: yes
flags		: fpu vme de pse tsc msr pae mce cx8 apic sep mtrr pge mca cmov pat pse36 clflush dts acpi mmx fxsr sse sse2 ss ht tm pbe syscall nx pdpe1gb rdtscp lm constant_tsc art arch_perfmon pebs bts rep_good nopl xtopology nonstop_tsc cpuid aperfmperf pni pclmulqdq dtes64 monitor ds_cpl vmx smx est tm2 ssse3 sdbg fma cx16 xtpr pdcm pcid sse4_1 sse4_2 x2apic movbe popcnt tsc_deadline_timer aes xsave avx f16c rdrand lahf_lm abm 3dnowprefetch cpuid_fault invpcid_single ssbd ibrs ibpb stibp ibrs_enhanced tpr_shadow vnmi flexpriority ept vpid ept_ad fsgsbase tsc_adjust bmi1 avx2 smep bmi2 erms invpcid mpx rdseed adx smap clflushopt intel_pt xsaveopt xsavec xgetbv1 xsaves dtherm ida arat pln pts hwp hwp_notify hwp_act_window hwp_epp md_clear flush_l1d arch_capabilities
vmx flags	: vnmi preemption_timer invvpid ept_x_only ept_ad ept_1gb flexpriority tsc_offset vtpr mtf vapic ept vpid unrestricted_guest ple shadow_vmcs pml ept_mode_based_exec
bugs		: spectre_v1 spectre_v2 spec_store_bypass swapgs taa itlb_multihit srbds mmio_stale_data retbleed eibrs_pbrsb
bogomips	: 6199.99
clflush size	: 64
cache_alignment	: 64
address sizes	: 39 bits physical, 48 bits virtual
power management:

processor	: 10
vendor_id	: GenuineIntel
cpu family	: 6
model		: 158
model name	: Intel(R) Core(TM) i9-9900 CPU @ 3.10GHz
stepping	: 13
microcode	: 0xfa
cpu MHz		: 3100.000
cache size	: 16384 KB
physical id	: 0
siblings	: 16
core id		: 2
cpu cores	: 8
apicid		: 5
initial apicid	: 5
fpu		: yes
fpu_exception	: yes
cpuid level	: 22
wp		: yes
flags		: fpu vme de pse tsc msr pae mce cx8 apic sep mtrr pge mca cmov pat pse36 clflush dts acpi mmx fxsr sse sse2 ss ht tm pbe syscall nx pdpe1gb rdtscp lm constant_tsc art arch_perfmon pebs bts rep_good nopl xtopology nonstop_tsc cpuid aperfmperf pni pclmulqdq dtes64 monitor ds_cpl vmx smx est tm2 ssse3 sdbg fma cx16 xtpr pdcm pcid sse4_1 sse4_2 x2apic movbe popcnt tsc_deadline_timer aes xsave avx f16c rdrand lahf_lm abm 3dnowprefetch cpuid_fault invpcid_single ssbd ibrs ibpb stibp ibrs_enhanced tpr_shadow vnmi flexpriority ept vpid ept_ad fsgsbase tsc_adjust bmi1 avx2 smep bmi2 erms invpcid mpx rdseed adx smap clflushopt intel_pt xsaveopt xsavec xgetbv1 xsaves dtherm ida arat pln pts hwp hwp_notify hwp_act_window hwp_epp md_clear flush_l1d arch_capabilities
vmx flags	: vnmi preemption_timer invvpid ept_x_only ept_ad ept_1gb flexpriority tsc_offset vtpr mtf vapic ept vpid unrestricted_guest ple shadow_vmcs pml ept_mode_based_exec
bugs		: spectre_v1 spectre_v2 spec_store_bypass swapgs taa itlb_multihit srbds mmio_stale_data retbleed eibrs_pbrsb
bogomips	: 6199.99
clflush size	: 64
cache_alignment	: 64
address sizes	: 39 bits physical, 48 bits virtual
power management:

processor	: 11
vendor_id	: GenuineIntel
cpu family	: 6
model		: 158
model name	: Intel(R) Core(TM) i9-9900 CPU @ 3.10GHz
stepping	: 13
microcode	: 0xfa
cpu MHz		: 4598.179
cache size	: 16384 KB
physical id	: 0
siblings	: 16
core id		: 3
cpu cores	: 8
apicid		: 7
initial apicid	: 7
fpu		: yes
fpu_exception	: yes
cpuid level	: 22
wp		: yes
flags		: fpu vme de pse tsc msr pae mce cx8 apic sep mtrr pge mca cmov pat pse36 clflush dts acpi mmx fxsr sse sse2 ss ht tm pbe syscall nx pdpe1gb rdtscp lm constant_tsc art arch_perfmon pebs bts rep_good nopl xtopology nonstop_tsc cpuid aperfmperf pni pclmulqdq dtes64 monitor ds_cpl vmx smx est tm2 ssse3 sdbg fma cx16 xtpr pdcm pcid sse4_1 sse4_2 x2apic movbe popcnt tsc_deadline_timer aes xsave avx f16c rdrand lahf_lm abm 3dnowprefetch cpuid_fault invpcid_single ssbd ibrs ibpb stibp ibrs_enhanced tpr_shadow vnmi flexpriority ept vpid ept_ad fsgsbase tsc_adjust bmi1 avx2 smep bmi2 erms invpcid mpx rdseed adx smap clflushopt intel_pt xsaveopt xsavec xgetbv1 xsaves dtherm ida arat pln pts hwp hwp_notify hwp_act_window hwp_epp md_clear flush_l1d arch_capabilities
vmx flags	: vnmi preemption_timer invvpid ept_x_only ept_ad ept_1gb flexpriority tsc_offset vtpr mtf vapic ept vpid unrestricted_guest ple shadow_vmcs pml ept_mode_based_exec
bugs		: spectre_v1 spectre_v2 spec_store_bypass swapgs taa itlb_multihit srbds mmio_stale_data retbleed eibrs_pbrsb
bogomips	: 6199.99
clflush size	: 64
cache_alignment	: 64
address sizes	: 39 bits physical, 48 bits virtual
power management:

processor	: 12
vendor_id	: GenuineIntel
cpu family	: 6
model		: 158
model name	: Intel(R) Core(TM) i9-9900 CPU @ 3.10GHz
stepping	: 13
microcode	: 0xfa
cpu MHz		: 4598.260
cache size	: 16384 KB
physical id	: 0
siblings	: 16
core id		: 4
cpu cores	: 8
apicid		: 9
initial apicid	: 9
fpu		: yes
fpu_exception	: yes
cpuid level	: 22
wp		: yes
flags		: fpu vme de pse tsc msr pae mce cx8 apic sep mtrr pge mca cmov pat pse36 clflush dts acpi mmx fxsr sse sse2 ss ht tm pbe syscall nx pdpe1gb rdtscp lm constant_tsc art arch_perfmon pebs bts rep_good nopl xtopology nonstop_tsc cpuid aperfmperf pni pclmulqdq dtes64 monitor ds_cpl vmx smx est tm2 ssse3 sdbg fma cx16 xtpr pdcm pcid sse4_1 sse4_2 x2apic movbe popcnt tsc_deadline_timer aes xsave avx f16c rdrand lahf_lm abm 3dnowprefetch cpuid_fault invpcid_single ssbd ibrs ibpb stibp ibrs_enhanced tpr_shadow vnmi flexpriority ept vpid ept_ad fsgsbase tsc_adjust bmi1 avx2 smep bmi2 erms invpcid mpx rdseed adx smap clflushopt intel_pt xsaveopt xsavec xgetbv1 xsaves dtherm ida arat pln pts hwp hwp_notify hwp_act_window hwp_epp md_clear flush_l1d arch_capabilities
vmx flags	: vnmi preemption_timer invvpid ept_x_only ept_ad ept_1gb flexpriority tsc_offset vtpr mtf vapic ept vpid unrestricted_guest ple shadow_vmcs pml ept_mode_based_exec
bugs		: spectre_v1 spectre_v2 spec_store_bypass swapgs taa itlb_multihit srbds mmio_stale_data retbleed eibrs_pbrsb
bogomips	: 6199.99
clflush size	: 64
cache_alignment	: 64
address sizes	: 39 bits physical, 48 bits virtual
power management:

processor	: 13
vendor_id	: GenuineIntel
cpu family	: 6
model		: 158
model name	: Intel(R) Core(TM) i9-9900 CPU @ 3.10GHz
stepping	: 13
microcode	: 0xfa
cpu MHz		: 4562.997
cache size	: 16384 KB
physical id	: 0
siblings	: 16
core id		: 5
cpu cores	: 8
apicid		: 11
initial apicid	: 11
fpu		: yes
fpu_exception	: yes
cpuid level	: 22
wp		: yes
flags		: fpu vme de pse tsc msr pae mce cx8 apic sep mtrr pge mca cmov pat pse36 clflush dts acpi mmx fxsr sse sse2 ss ht tm pbe syscall nx pdpe1gb rdtscp lm constant_tsc art arch_perfmon pebs bts rep_good nopl xtopology nonstop_tsc cpuid aperfmperf pni pclmulqdq dtes64 monitor ds_cpl vmx smx est tm2 ssse3 sdbg fma cx16 xtpr pdcm pcid sse4_1 sse4_2 x2apic movbe popcnt tsc_deadline_timer aes xsave avx f16c rdrand lahf_lm abm 3dnowprefetch cpuid_fault invpcid_single ssbd ibrs ibpb stibp ibrs_enhanced tpr_shadow vnmi flexpriority ept vpid ept_ad fsgsbase tsc_adjust bmi1 avx2 smep bmi2 erms invpcid mpx rdseed adx smap clflushopt intel_pt xsaveopt xsavec xgetbv1 xsaves dtherm ida arat pln pts hwp hwp_notify hwp_act_window hwp_epp md_clear flush_l1d arch_capabilities
vmx flags	: vnmi preemption_timer invvpid ept_x_only ept_ad ept_1gb flexpriority tsc_offset vtpr mtf vapic ept vpid unrestricted_guest ple shadow_vmcs pml ept_mode_based_exec
bugs		: spectre_v1 spectre_v2 spec_store_bypass swapgs taa itlb_multihit srbds mmio_stale_data retbleed eibrs_pbrsb
bogomips	: 6199.99
clflush size	: 64
cache_alignment	: 64
address sizes	: 39 bits physical, 48 bits virtual
power management:

processor	: 14
vendor_id	: GenuineIntel
cpu family	: 6
model		: 158
model name	: Intel(R) Core(TM) i9-9900 CPU @ 3.10GHz
stepping	: 13
microcode	: 0xfa
cpu MHz		: 4401.256
cache size	: 16384 KB
physical id	: 0
siblings	: 16
core id		: 6
cpu cores	: 8
apicid		: 13
initial apicid	: 13
fpu		: yes
fpu_exception	: yes
cpuid level	: 22
wp		: yes
flags		: fpu vme de pse tsc msr pae mce cx8 apic sep mtrr pge mca cmov pat pse36 clflush dts acpi mmx fxsr sse sse2 ss ht tm pbe syscall nx pdpe1gb rdtscp lm constant_tsc art arch_perfmon pebs bts rep_good nopl xtopology nonstop_tsc cpuid aperfmperf pni pclmulqdq dtes64 monitor ds_cpl vmx smx est tm2 ssse3 sdbg fma cx16 xtpr pdcm pcid sse4_1 sse4_2 x2apic movbe popcnt tsc_deadline_timer aes xsave avx f16c rdrand lahf_lm abm 3dnowprefetch cpuid_fault invpcid_single ssbd ibrs ibpb stibp ibrs_enhanced tpr_shadow vnmi flexpriority ept vpid ept_ad fsgsbase tsc_adjust bmi1 avx2 smep bmi2 erms invpcid mpx rdseed adx smap clflushopt intel_pt xsaveopt xsavec xgetbv1 xsaves dtherm ida arat pln pts hwp hwp_notify hwp_act_window hwp_epp md_clear flush_l1d arch_capabilities
vmx flags	: vnmi preemption_timer invvpid ept_x_only ept_ad ept_1gb flexpriority tsc_offset vtpr mtf vapic ept vpid unrestricted_guest ple shadow_vmcs pml ept_mode_based_exec
bugs		: spectre_v1 spectre_v2 spec_store_bypass swapgs taa itlb_multihit srbds mmio_stale_data retbleed eibrs_pbrsb
bogomips	: 6199.99
clflush size	: 64
cache_alignment	: 64
address sizes	: 39 bits physical, 48 bits virtual
power management:

processor	: 15
vendor_id	: GenuineIntel
cpu family	: 6
model		: 158
model name	: Intel(R) Core(TM) i9-9900 CPU @ 3.10GHz
stepping	: 13
microcode	: 0xfa
cpu MHz		: 3100.000
cache size	: 16384 KB
physical id	: 0
siblings	: 16
core id		: 7
cpu cores	: 8
apicid		: 15
initial apicid	: 15
fpu		: yes
fpu_exception	: yes
cpuid level	: 22
wp		: yes
flags		: fpu vme de pse tsc msr pae mce cx8 apic sep mtrr pge mca cmov pat pse36 clflush dts acpi mmx fxsr sse sse2 ss ht tm pbe syscall nx pdpe1gb rdtscp lm constant_tsc art arch_perfmon pebs bts rep_good nopl xtopology nonstop_tsc cpuid aperfmperf pni pclmulqdq dtes64 monitor ds_cpl vmx smx est tm2 ssse3 sdbg fma cx16 xtpr pdcm pcid sse4_1 sse4_2 x2apic movbe popcnt tsc_deadline_timer aes xsave avx f16c rdrand lahf_lm abm 3dnowprefetch cpuid_fault invpcid_single ssbd ibrs ibpb stibp ibrs_enhanced tpr_shadow vnmi flexpriority ept vpid ept_ad fsgsbase tsc_adjust bmi1 avx2 smep bmi2 erms invpcid mpx rdseed adx smap clflushopt intel_pt xsaveopt xsavec xgetbv1 xsaves dtherm ida arat pln pts hwp hwp_notify hwp_act_window hwp_epp md_clear flush_l1d arch_capabilities
vmx flags	: vnmi preemption_timer invvpid ept_x_only ept_ad ept_1gb flexpriority tsc_offset vtpr mtf vapic ept vpid unrestricted_guest ple shadow_vmcs pml ept_mode_based_exec
bugs		: spectre_v1 spectre_v2 spec_store_bypass swapgs taa itlb_multihit srbds mmio_stale_data retbleed eibrs_pbrsb
bogomips	: 6199.99
clflush size	: 64
cache_alignment	: 64
address sizes	: 39 bits physical, 48 bits virtual
power management:



Memory: 4k page, physical 32795608k(2097088k free), swap 11718652k(11718652k free)

vm_info: OpenJDK 64-Bit Server VM (25.382-b05) for linux-amd64 JRE (1.8.0_382-8u382-ga-1~22.04.1-b05), built on Jul 24 2023 20:17:51 by "buildd" with gcc 11.3.0

time: Tue Aug 29 00:54:35 2023
timezone: CEST
elapsed time: 1.115935 seconds (0d 0h 0m 1s)

