[23:59:57][INFO](lu.pcy113.pdr.client.ClientMain#main@22) Starting
[23:59:57][FINEST](lu.pcy113.pdr.client.game.PDRClientGame#<init>@19) <- lu.pcy113.pdr.client.ClientMain#main@31
[23:59:57][FINEST](lu.pcy113.pdr.engine.GameEngine#<init>@20) <- lu.pcy113.pdr.client.ClientMain#main@32
[23:59:58][FINEST](lu.pcy113.pdr.engine.graph.Renderer#<init>@17) <- lu.pcy113.pdr.engine.GameEngine#<init>@28
[23:59:58][FINEST](lu.pcy113.pdr.engine.graph.SceneRenderer#<init>@23) <- lu.pcy113.pdr.engine.graph.Renderer#<init>@21
[23:59:58][FINEST](lu.pcy113.pdr.engine.graph.shader.ShaderProgram#<init>@17) <- lu.pcy113.pdr.engine.graph.SceneRenderer#<init>@28
[23:59:58][FINEST](lu.pcy113.pdr.engine.graph.shader.ShaderProgram#createShader@73) <- lu.pcy113.pdr.engine.graph.shader.ShaderProgram#lambda$0@25
[23:59:58][FINEST](lu.pcy113.pdr.engine.graph.shader.ShaderProgram#createShader@73) <- lu.pcy113.pdr.engine.graph.shader.ShaderProgram#lambda$0@25
[23:59:58][FINEST](lu.pcy113.pdr.engine.graph.shader.ShaderProgram#link@52) <- lu.pcy113.pdr.engine.graph.shader.ShaderProgram#<init>@27
[23:59:58][FINEST](lu.pcy113.pdr.engine.graph.SceneRenderer#createUniforms@41) <- lu.pcy113.pdr.engine.graph.SceneRenderer#<init>@30
[23:59:58][FINEST](lu.pcy113.pdr.engine.graph.UniformsMap#<init>@18) <- lu.pcy113.pdr.engine.graph.SceneRenderer#createUniforms@43
[23:59:58][FINEST](lu.pcy113.pdr.engine.graph.UniformsMap#createUniform@25) <- lu.pcy113.pdr.engine.graph.SceneRenderer#createUniforms@44
[23:59:58][FINEST](lu.pcy113.pdr.engine.scene.Scene#<init>@17) <- lu.pcy113.pdr.engine.GameEngine#<init>@29
[23:59:58][FINEST](lu.pcy113.pdr.client.game.PDRClientGame#init@24) <- lu.pcy113.pdr.engine.GameEngine#<init>@31
[23:59:58][FINEST](lu.pcy113.pdr.engine.scene.Scene#addMesh@24) <- lu.pcy113.pdr.client.game.PDRClientGame#init@43
[23:59:58][FINEST](lu.pcy113.pdr.engine.GameEngine#start@36) <- lu.pcy113.pdr.client.ClientMain#main@33
[23:59:58][FINEST](lu.pcy113.pdr.engine.GameEngine#run@49) <- lu.pcy113.pdr.engine.GameEngine#start@39
[23:59:58][FINEST](lu.pcy113.pdr.engine.GameEngine#run@60) -------------------------- + 0
[23:59:58][FINEST](lu.pcy113.pdr.engine.GameEngine#resize@102) resized: 1858x1016
[23:59:58][FINEST](lu.pcy113.pdr.engine.GameEngine#run@69) start: 1693173598441
[23:59:58][FINEST](lu.pcy113.pdr.engine.GameEngine#run@70) timeU: 33.333332
[23:59:58][FINEST](lu.pcy113.pdr.engine.GameEngine#run@71) timeR: 16.666666
[23:59:58][FINEST](lu.pcy113.pdr.engine.GameEngine#run@72) dUpdate: 0.060000002
[23:59:58][FINEST](lu.pcy113.pdr.engine.GameEngine#run@73) dFps: 0.120000005
[23:59:58][FINEST](lu.pcy113.pdr.engine.GameEngine#run@74) updateTime: 1693173598441
[23:59:58][FINEST](lu.pcy113.pdr.engine.GameEngine#run@75) now: 1693173598443
[23:59:58][FINEST](lu.pcy113.pdr.engine.GameEngine#run@60) -------------------------- + 1
[23:59:58][FINEST](lu.pcy113.pdr.engine.GameEngine#run@69) start: 1693173598443
[23:59:58][FINEST](lu.pcy113.pdr.engine.GameEngine#run@70) timeU: 33.333332
[23:59:58][FINEST](lu.pcy113.pdr.engine.GameEngine#run@71) timeR: 16.666666
[23:59:58][FINEST](lu.pcy113.pdr.engine.GameEngine#run@72) dUpdate: 0.120000005
[23:59:58][FINEST](lu.pcy113.pdr.engine.GameEngine#run@73) dFps: 0.24000001
[23:59:58][FINEST](lu.pcy113.pdr.engine.GameEngine#run@74) updateTime: 1693173598441
[23:59:58][FINEST](lu.pcy113.pdr.engine.GameEngine#run@75) now: 1693173598445
[23:59:58][FINEST](lu.pcy113.pdr.engine.GameEngine#run@60) -------------------------- + 2
[23:59:58][FINEST](lu.pcy113.pdr.engine.GameEngine#run@69) start: 1693173598445
[23:59:58][FINEST](lu.pcy113.pdr.engine.GameEngine#run@70) timeU: 33.333332
[23:59:58][FINEST](lu.pcy113.pdr.engine.GameEngine#run@71) timeR: 16.666666
[23:59:58][FINEST](lu.pcy113.pdr.engine.GameEngine#run@72) dUpdate: 0.15
[23:59:58][FINEST](lu.pcy113.pdr.engine.GameEngine#run@73) dFps: 0.3
[23:59:58][FINEST](lu.pcy113.pdr.engine.GameEngine#run@74) updateTime: 1693173598441
[23:59:58][FINEST](lu.pcy113.pdr.engine.GameEngine#run@75) now: 1693173598446
[23:59:58][FINEST](lu.pcy113.pdr.engine.GameEngine#run@60) -------------------------- + 3
[23:59:58][FINEST](lu.pcy113.pdr.engine.GameEngine#run@69) start: 1693173598446
[23:59:58][FINEST](lu.pcy113.pdr.engine.GameEngine#run@70) timeU: 33.333332
[23:59:58][FINEST](lu.pcy113.pdr.engine.GameEngine#run@71) timeR: 16.666666
[23:59:58][FINEST](lu.pcy113.pdr.engine.GameEngine#run@72) dUpdate: 0.21000001
[23:59:58][FINEST](lu.pcy113.pdr.engine.GameEngine#run@73) dFps: 0.42000002
[23:59:58][FINEST](lu.pcy113.pdr.engine.GameEngine#run@74) updateTime: 1693173598441
[23:59:58][FINEST](lu.pcy113.pdr.engine.GameEngine#run@75) now: 1693173598448
[23:59:58][FINEST](lu.pcy113.pdr.engine.GameEngine#run@60) -------------------------- + 4
[23:59:58][FINEST](lu.pcy113.pdr.engine.GameEngine#run@69) start: 1693173598448
[23:59:58][FINEST](lu.pcy113.pdr.engine.GameEngine#run@70) timeU: 33.333332
[23:59:58][FINEST](lu.pcy113.pdr.engine.GameEngine#run@71) timeR: 16.666666
[23:59:58][FINEST](lu.pcy113.pdr.engine.GameEngine#run@72) dUpdate: 0.24000001
[23:59:58][FINEST](lu.pcy113.pdr.engine.GameEngine#run@73) dFps: 0.48000002
[23:59:58][FINEST](lu.pcy113.pdr.engine.GameEngine#run@74) updateTime: 1693173598441
[23:59:58][FINEST](lu.pcy113.pdr.engine.GameEngine#run@75) now: 1693173598449
[23:59:58][FINEST](lu.pcy113.pdr.engine.GameEngine#run@60) -------------------------- + 5
[23:59:58][FINEST](lu.pcy113.pdr.engine.GameEngine#run@69) start: 1693173598449
[23:59:58][FINEST](lu.pcy113.pdr.engine.GameEngine#run@70) timeU: 33.333332
[23:59:58][FINEST](lu.pcy113.pdr.engine.GameEngine#run@71) timeR: 16.666666
[23:59:58][FINEST](lu.pcy113.pdr.engine.GameEngine#run@72) dUpdate: 0.27
[23:59:58][FINEST](lu.pcy113.pdr.engine.GameEngine#run@73) dFps: 0.54
[23:59:58][FINEST](lu.pcy113.pdr.engine.GameEngine#run@74) updateTime: 1693173598441
[23:59:58][FINEST](lu.pcy113.pdr.engine.GameEngine#run@75) now: 1693173598450
[23:59:58][FINEST](lu.pcy113.pdr.engine.GameEngine#run@60) -------------------------- + 6
[23:59:58][FINEST](lu.pcy113.pdr.engine.GameEngine#run@69) start: 1693173598450
[23:59:58][FINEST](lu.pcy113.pdr.engine.GameEngine#run@70) timeU: 33.333332
[23:59:58][FINEST](lu.pcy113.pdr.engine.GameEngine#run@71) timeR: 16.666666
[23:59:58][FINEST](lu.pcy113.pdr.engine.GameEngine#run@72) dUpdate: 0.3
[23:59:58][FINEST](lu.pcy113.pdr.engine.GameEngine#run@73) dFps: 0.6
[23:59:58][FINEST](lu.pcy113.pdr.engine.GameEngine#run@74) updateTime: 1693173598441
[23:59:58][FINEST](lu.pcy113.pdr.engine.GameEngine#run@75) now: 1693173598451
[23:59:58][FINEST](lu.pcy113.pdr.engine.GameEngine#run@60) -------------------------- + 7
[23:59:58][FINEST](lu.pcy113.pdr.engine.GameEngine#run@69) start: 1693173598451
[23:59:58][FINEST](lu.pcy113.pdr.engine.GameEngine#run@70) timeU: 33.333332
[23:59:58][FINEST](lu.pcy113.pdr.engine.GameEngine#run@71) timeR: 16.666666
[23:59:58][FINEST](lu.pcy113.pdr.engine.GameEngine#run@72) dUpdate: 0.3
[23:59:58][FINEST](lu.pcy113.pdr.engine.GameEngine#run@73) dFps: 0.6
[23:59:58][FINEST](lu.pcy113.pdr.engine.GameEngine#run@74) updateTime: 1693173598441
[23:59:58][FINEST](lu.pcy113.pdr.engine.GameEngine#run@75) now: 1693173598451
[23:59:58][FINEST](lu.pcy113.pdr.engine.GameEngine#run@60) -------------------------- + 8
[23:59:58][FINEST](lu.pcy113.pdr.engine.GameEngine#run@69) start: 1693173598451
[23:59:58][FINEST](lu.pcy113.pdr.engine.GameEngine#run@70) timeU: 33.333332
[23:59:58][FINEST](lu.pcy113.pdr.engine.GameEngine#run@71) timeR: 16.666666
[23:59:58][FINEST](lu.pcy113.pdr.engine.GameEngine#run@72) dUpdate: 0.33
[23:59:58][FINEST](lu.pcy113.pdr.engine.GameEngine#run@73) dFps: 0.66
[23:59:58][FINEST](lu.pcy113.pdr.engine.GameEngine#run@74) updateTime: 1693173598441
[23:59:58][FINEST](lu.pcy113.pdr.engine.GameEngine#run@75) now: 1693173598452
[23:59:58][FINEST](lu.pcy113.pdr.engine.GameEngine#run@60) -------------------------- + 9
[23:59:58][FINEST](lu.pcy113.pdr.engine.GameEngine#run@69) start: 1693173598452
[23:59:58][FINEST](lu.pcy113.pdr.engine.GameEngine#run@70) timeU: 33.333332
[23:59:58][FINEST](lu.pcy113.pdr.engine.GameEngine#run@71) timeR: 16.666666
[23:59:58][FINEST](lu.pcy113.pdr.engine.GameEngine#run@72) dUpdate: 0.36
[23:59:58][FINEST](lu.pcy113.pdr.engine.GameEngine#run@73) dFps: 0.72
[23:59:58][FINEST](lu.pcy113.pdr.engine.GameEngine#run@74) updateTime: 1693173598441
[23:59:58][FINEST](lu.pcy113.pdr.engine.GameEngine#run@75) now: 1693173598453
[23:59:58][FINEST](lu.pcy113.pdr.engine.GameEngine#run@60) -------------------------- + 10
[23:59:58][FINEST](lu.pcy113.pdr.engine.GameEngine#run@69) start: 1693173598453
[23:59:58][FINEST](lu.pcy113.pdr.engine.GameEngine#run@70) timeU: 33.333332
[23:59:58][FINEST](lu.pcy113.pdr.engine.GameEngine#run@71) timeR: 16.666666
[23:59:58][FINEST](lu.pcy113.pdr.engine.GameEngine#run@72) dUpdate: 0.48000002
[23:59:58][FINEST](lu.pcy113.pdr.engine.GameEngine#run@73) dFps: 0.96000004
[23:59:58][FINEST](lu.pcy113.pdr.engine.GameEngine#run@74) updateTime: 1693173598441
[23:59:58][FINEST](lu.pcy113.pdr.engine.GameEngine#run@75) now: 1693173598457
[23:59:58][FINEST](lu.pcy113.pdr.engine.GameEngine#run@60) -------------------------- + 11
[23:59:58][FINEST](lu.pcy113.pdr.engine.GameEngine#run@69) start: 1693173598457
[23:59:58][FINEST](lu.pcy113.pdr.engine.GameEngine#run@70) timeU: 33.333332
[23:59:58][FINEST](lu.pcy113.pdr.engine.GameEngine#run@71) timeR: 16.666666
[23:59:58][FINEST](lu.pcy113.pdr.engine.GameEngine#run@72) dUpdate: 0.54
[23:59:58][FINEST](lu.pcy113.pdr.engine.GameEngine#run@73) dFps: 1.08
[23:59:58][FINEST](lu.pcy113.pdr.engine.GameEngine#run@74) updateTime: 1693173598441
[23:59:58][FINEST](lu.pcy113.pdr.engine.GameEngine#run@75) now: 1693173598459
[23:59:58][FINEST](lu.pcy113.pdr.client.game.PDRClientGame#input@48) <- lu.pcy113.pdr.engine.GameEngine#run@78
[23:59:58][FINEST](lu.pcy113.pdr.engine.graph.Renderer#render@32) <- lu.pcy113.pdr.engine.GameEngine#run@90
