[00:06:23][INFO](lu.pcy113.pdr.client.ClientMain#main@22) Starting
[00:06:23][FINEST](lu.pcy113.pdr.client.game.PDRClientGame#<init>@19) <- lu.pcy113.pdr.client.ClientMain#main@31
[00:06:23][FINEST](lu.pcy113.pdr.engine.GameEngine#<init>@20) <- lu.pcy113.pdr.client.ClientMain#main@32
[00:06:23][FINEST](lu.pcy113.pdr.engine.graph.Renderer#<init>@18) <- lu.pcy113.pdr.engine.GameEngine#<init>@28
[00:06:24][FINEST](lu.pcy113.pdr.engine.graph.SceneRenderer#<init>@23) <- lu.pcy113.pdr.engine.graph.Renderer#<init>@22
[00:06:24][FINEST](lu.pcy113.pdr.engine.graph.shader.ShaderProgram#<init>@17) <- lu.pcy113.pdr.engine.graph.SceneRenderer#<init>@28
[00:06:24][FINEST](lu.pcy113.pdr.engine.graph.shader.ShaderProgram#createShader@73) <- lu.pcy113.pdr.engine.graph.shader.ShaderProgram#lambda$0@25
[00:06:24][FINEST](lu.pcy113.pdr.engine.graph.shader.ShaderProgram#createShader@73) <- lu.pcy113.pdr.engine.graph.shader.ShaderProgram#lambda$0@25
[00:06:24][FINEST](lu.pcy113.pdr.engine.graph.shader.ShaderProgram#link@52) <- lu.pcy113.pdr.engine.graph.shader.ShaderProgram#<init>@27
[00:06:24][FINEST](lu.pcy113.pdr.engine.graph.SceneRenderer#createUniforms@41) <- lu.pcy113.pdr.engine.graph.SceneRenderer#<init>@30
[00:06:24][FINEST](lu.pcy113.pdr.engine.graph.UniformsMap#<init>@18) <- lu.pcy113.pdr.engine.graph.SceneRenderer#createUniforms@43
[00:06:24][FINEST](lu.pcy113.pdr.engine.graph.UniformsMap#createUniform@25) <- lu.pcy113.pdr.engine.graph.SceneRenderer#createUniforms@44
[00:06:24][FINEST](lu.pcy113.pdr.engine.scene.Scene#<init>@17) <- lu.pcy113.pdr.engine.GameEngine#<init>@29
[00:06:24][FINEST](lu.pcy113.pdr.client.game.PDRClientGame#init@24) <- lu.pcy113.pdr.engine.GameEngine#<init>@31
[00:06:24][FINEST](lu.pcy113.pdr.engine.scene.Scene#addMesh@24) <- lu.pcy113.pdr.client.game.PDRClientGame#init@43
[00:06:24][FINEST](lu.pcy113.pdr.engine.GameEngine#start@36) <- lu.pcy113.pdr.client.ClientMain#main@33
[00:06:24][FINEST](lu.pcy113.pdr.engine.GameEngine#run@49) <- lu.pcy113.pdr.engine.GameEngine#start@39
[00:06:24][FINEST](lu.pcy113.pdr.engine.GameEngine#run@60) -------------------------- + 0
[00:06:24][FINEST](lu.pcy113.pdr.engine.GameEngine#resize@102) resized: 1858x1016
[00:06:24][FINEST](lu.pcy113.pdr.engine.GameEngine#run@69) start: 1693173984177
[00:06:24][FINEST](lu.pcy113.pdr.engine.GameEngine#run@70) timeU: 33.333332
[00:06:24][FINEST](lu.pcy113.pdr.engine.GameEngine#run@71) timeR: 16.666666
[00:06:24][FINEST](lu.pcy113.pdr.engine.GameEngine#run@72) dUpdate: 0.030000001
[00:06:24][FINEST](lu.pcy113.pdr.engine.GameEngine#run@73) dFps: 0.060000002
[00:06:24][FINEST](lu.pcy113.pdr.engine.GameEngine#run@74) updateTime: 1693173984177
[00:06:24][FINEST](lu.pcy113.pdr.engine.GameEngine#run@75) now: 1693173984178
[00:06:24][FINEST](lu.pcy113.pdr.engine.GameEngine#run@60) -------------------------- + 1
[00:06:24][FINEST](lu.pcy113.pdr.engine.GameEngine#run@69) start: 1693173984178
[00:06:24][FINEST](lu.pcy113.pdr.engine.GameEngine#run@70) timeU: 33.333332
[00:06:24][FINEST](lu.pcy113.pdr.engine.GameEngine#run@71) timeR: 16.666666
[00:06:24][FINEST](lu.pcy113.pdr.engine.GameEngine#run@72) dUpdate: 0.09
[00:06:24][FINEST](lu.pcy113.pdr.engine.GameEngine#run@73) dFps: 0.18
[00:06:24][FINEST](lu.pcy113.pdr.engine.GameEngine#run@74) updateTime: 1693173984177
[00:06:24][FINEST](lu.pcy113.pdr.engine.GameEngine#run@75) now: 1693173984180
[00:06:24][FINEST](lu.pcy113.pdr.engine.GameEngine#run@60) -------------------------- + 2
[00:06:24][FINEST](lu.pcy113.pdr.engine.GameEngine#run@69) start: 1693173984180
[00:06:24][FINEST](lu.pcy113.pdr.engine.GameEngine#run@70) timeU: 33.333332
[00:06:24][FINEST](lu.pcy113.pdr.engine.GameEngine#run@71) timeR: 16.666666
[00:06:24][FINEST](lu.pcy113.pdr.engine.GameEngine#run@72) dUpdate: 0.120000005
[00:06:24][FINEST](lu.pcy113.pdr.engine.GameEngine#run@73) dFps: 0.24000001
[00:06:24][FINEST](lu.pcy113.pdr.engine.GameEngine#run@74) updateTime: 1693173984177
[00:06:24][FINEST](lu.pcy113.pdr.engine.GameEngine#run@75) now: 1693173984181
[00:06:24][FINEST](lu.pcy113.pdr.engine.GameEngine#run@60) -------------------------- + 3
[00:06:24][FINEST](lu.pcy113.pdr.engine.GameEngine#run@69) start: 1693173984181
[00:06:24][FINEST](lu.pcy113.pdr.engine.GameEngine#run@70) timeU: 33.333332
[00:06:24][FINEST](lu.pcy113.pdr.engine.GameEngine#run@71) timeR: 16.666666
[00:06:24][FINEST](lu.pcy113.pdr.engine.GameEngine#run@72) dUpdate: 0.15
[00:06:24][FINEST](lu.pcy113.pdr.engine.GameEngine#run@73) dFps: 0.3
[00:06:24][FINEST](lu.pcy113.pdr.engine.GameEngine#run@74) updateTime: 1693173984177
[00:06:24][FINEST](lu.pcy113.pdr.engine.GameEngine#run@75) now: 1693173984182
[00:06:24][FINEST](lu.pcy113.pdr.engine.GameEngine#run@60) -------------------------- + 4
[00:06:24][FINEST](lu.pcy113.pdr.engine.GameEngine#run@69) start: 1693173984182
[00:06:24][FINEST](lu.pcy113.pdr.engine.GameEngine#run@70) timeU: 33.333332
[00:06:24][FINEST](lu.pcy113.pdr.engine.GameEngine#run@71) timeR: 16.666666
[00:06:24][FINEST](lu.pcy113.pdr.engine.GameEngine#run@72) dUpdate: 0.18
[00:06:24][FINEST](lu.pcy113.pdr.engine.GameEngine#run@73) dFps: 0.36
[00:06:24][FINEST](lu.pcy113.pdr.engine.GameEngine#run@74) updateTime: 1693173984177
[00:06:24][FINEST](lu.pcy113.pdr.engine.GameEngine#run@75) now: 1693173984183
[00:06:24][FINEST](lu.pcy113.pdr.engine.GameEngine#run@60) -------------------------- + 5
[00:06:24][FINEST](lu.pcy113.pdr.engine.GameEngine#run@69) start: 1693173984183
[00:06:24][FINEST](lu.pcy113.pdr.engine.GameEngine#run@70) timeU: 33.333332
[00:06:24][FINEST](lu.pcy113.pdr.engine.GameEngine#run@71) timeR: 16.666666
[00:06:24][FINEST](lu.pcy113.pdr.engine.GameEngine#run@72) dUpdate: 0.24000001
[00:06:24][FINEST](lu.pcy113.pdr.engine.GameEngine#run@73) dFps: 0.48000002
[00:06:24][FINEST](lu.pcy113.pdr.engine.GameEngine#run@74) updateTime: 1693173984177
[00:06:24][FINEST](lu.pcy113.pdr.engine.GameEngine#run@75) now: 1693173984185
[00:06:24][FINEST](lu.pcy113.pdr.engine.GameEngine#run@60) -------------------------- + 6
[00:06:24][FINEST](lu.pcy113.pdr.engine.GameEngine#run@69) start: 1693173984185
[00:06:24][FINEST](lu.pcy113.pdr.engine.GameEngine#run@70) timeU: 33.333332
[00:06:24][FINEST](lu.pcy113.pdr.engine.GameEngine#run@71) timeR: 16.666666
[00:06:24][FINEST](lu.pcy113.pdr.engine.GameEngine#run@72) dUpdate: 0.27
[00:06:24][FINEST](lu.pcy113.pdr.engine.GameEngine#run@73) dFps: 0.54
[00:06:24][FINEST](lu.pcy113.pdr.engine.GameEngine#run@74) updateTime: 1693173984177
[00:06:24][FINEST](lu.pcy113.pdr.engine.GameEngine#run@75) now: 1693173984186
[00:06:24][FINEST](lu.pcy113.pdr.engine.GameEngine#run@60) -------------------------- + 7
[00:06:24][FINEST](lu.pcy113.pdr.engine.GameEngine#run@69) start: 1693173984186
[00:06:24][FINEST](lu.pcy113.pdr.engine.GameEngine#run@70) timeU: 33.333332
[00:06:24][FINEST](lu.pcy113.pdr.engine.GameEngine#run@71) timeR: 16.666666
[00:06:24][FINEST](lu.pcy113.pdr.engine.GameEngine#run@72) dUpdate: 0.3
[00:06:24][FINEST](lu.pcy113.pdr.engine.GameEngine#run@73) dFps: 0.6
[00:06:24][FINEST](lu.pcy113.pdr.engine.GameEngine#run@74) updateTime: 1693173984177
[00:06:24][FINEST](lu.pcy113.pdr.engine.GameEngine#run@75) now: 1693173984187
[00:06:24][FINEST](lu.pcy113.pdr.engine.GameEngine#run@60) -------------------------- + 8
[00:06:24][FINEST](lu.pcy113.pdr.engine.GameEngine#run@69) start: 1693173984187
[00:06:24][FINEST](lu.pcy113.pdr.engine.GameEngine#run@70) timeU: 33.333332
[00:06:24][FINEST](lu.pcy113.pdr.engine.GameEngine#run@71) timeR: 16.666666
[00:06:24][FINEST](lu.pcy113.pdr.engine.GameEngine#run@72) dUpdate: 0.33
[00:06:24][FINEST](lu.pcy113.pdr.engine.GameEngine#run@73) dFps: 0.66
[00:06:24][FINEST](lu.pcy113.pdr.engine.GameEngine#run@74) updateTime: 1693173984177
[00:06:24][FINEST](lu.pcy113.pdr.engine.GameEngine#run@75) now: 1693173984188
[00:06:24][FINEST](lu.pcy113.pdr.engine.GameEngine#run@60) -------------------------- + 9
[00:06:24][FINEST](lu.pcy113.pdr.engine.GameEngine#run@69) start: 1693173984188
[00:06:24][FINEST](lu.pcy113.pdr.engine.GameEngine#run@70) timeU: 33.333332
[00:06:24][FINEST](lu.pcy113.pdr.engine.GameEngine#run@71) timeR: 16.666666
[00:06:24][FINEST](lu.pcy113.pdr.engine.GameEngine#run@72) dUpdate: 0.33
[00:06:24][FINEST](lu.pcy113.pdr.engine.GameEngine#run@73) dFps: 0.66
[00:06:24][FINEST](lu.pcy113.pdr.engine.GameEngine#run@74) updateTime: 1693173984177
[00:06:24][FINEST](lu.pcy113.pdr.engine.GameEngine#run@75) now: 1693173984188
[00:06:24][FINEST](lu.pcy113.pdr.engine.GameEngine#run@60) -------------------------- + 10
[00:06:24][FINEST](lu.pcy113.pdr.engine.GameEngine#run@69) start: 1693173984188
[00:06:24][FINEST](lu.pcy113.pdr.engine.GameEngine#run@70) timeU: 33.333332
[00:06:24][FINEST](lu.pcy113.pdr.engine.GameEngine#run@71) timeR: 16.666666
[00:06:24][FINEST](lu.pcy113.pdr.engine.GameEngine#run@72) dUpdate: 0.36
[00:06:24][FINEST](lu.pcy113.pdr.engine.GameEngine#run@73) dFps: 0.72
[00:06:24][FINEST](lu.pcy113.pdr.engine.GameEngine#run@74) updateTime: 1693173984177
[00:06:24][FINEST](lu.pcy113.pdr.engine.GameEngine#run@75) now: 1693173984189
[00:06:24][FINEST](lu.pcy113.pdr.engine.GameEngine#run@60) -------------------------- + 11
[00:06:24][FINEST](lu.pcy113.pdr.engine.GameEngine#run@69) start: 1693173984189
[00:06:24][FINEST](lu.pcy113.pdr.engine.GameEngine#run@70) timeU: 33.333332
[00:06:24][FINEST](lu.pcy113.pdr.engine.GameEngine#run@71) timeR: 16.666666
[00:06:24][FINEST](lu.pcy113.pdr.engine.GameEngine#run@72) dUpdate: 0.39000002
[00:06:24][FINEST](lu.pcy113.pdr.engine.GameEngine#run@73) dFps: 0.78000003
[00:06:24][FINEST](lu.pcy113.pdr.engine.GameEngine#run@74) updateTime: 1693173984177
[00:06:24][FINEST](lu.pcy113.pdr.engine.GameEngine#run@75) now: 1693173984190
[00:06:24][FINEST](lu.pcy113.pdr.engine.GameEngine#run@60) -------------------------- + 12
[00:06:24][FINEST](lu.pcy113.pdr.engine.GameEngine#run@69) start: 1693173984190
[00:06:24][FINEST](lu.pcy113.pdr.engine.GameEngine#run@70) timeU: 33.333332
[00:06:24][FINEST](lu.pcy113.pdr.engine.GameEngine#run@71) timeR: 16.666666
[00:06:24][FINEST](lu.pcy113.pdr.engine.GameEngine#run@72) dUpdate: 0.42000002
[00:06:24][FINEST](lu.pcy113.pdr.engine.GameEngine#run@73) dFps: 0.84000003
[00:06:24][FINEST](lu.pcy113.pdr.engine.GameEngine#run@74) updateTime: 1693173984177
[00:06:24][FINEST](lu.pcy113.pdr.engine.GameEngine#run@75) now: 1693173984191
[00:06:24][FINEST](lu.pcy113.pdr.engine.GameEngine#run@60) -------------------------- + 13
[00:06:24][FINEST](lu.pcy113.pdr.engine.GameEngine#run@69) start: 1693173984191
[00:06:24][FINEST](lu.pcy113.pdr.engine.GameEngine#run@70) timeU: 33.333332
[00:06:24][FINEST](lu.pcy113.pdr.engine.GameEngine#run@71) timeR: 16.666666
[00:06:24][FINEST](lu.pcy113.pdr.engine.GameEngine#run@72) dUpdate: 0.45000002
[00:06:24][FINEST](lu.pcy113.pdr.engine.GameEngine#run@73) dFps: 0.90000004
[00:06:24][FINEST](lu.pcy113.pdr.engine.GameEngine#run@74) updateTime: 1693173984177
[00:06:24][FINEST](lu.pcy113.pdr.engine.GameEngine#run@75) now: 1693173984192
[00:06:24][FINEST](lu.pcy113.pdr.engine.GameEngine#run@60) -------------------------- + 14
[00:06:24][FINEST](lu.pcy113.pdr.engine.GameEngine#run@69) start: 1693173984192
[00:06:24][FINEST](lu.pcy113.pdr.engine.GameEngine#run@70) timeU: 33.333332
[00:06:24][FINEST](lu.pcy113.pdr.engine.GameEngine#run@71) timeR: 16.666666
[00:06:24][FINEST](lu.pcy113.pdr.engine.GameEngine#run@72) dUpdate: 0.48000002
[00:06:24][FINEST](lu.pcy113.pdr.engine.GameEngine#run@73) dFps: 0.96000004
[00:06:24][FINEST](lu.pcy113.pdr.engine.GameEngine#run@74) updateTime: 1693173984177
[00:06:24][FINEST](lu.pcy113.pdr.engine.GameEngine#run@75) now: 1693173984193
[00:06:24][FINEST](lu.pcy113.pdr.engine.GameEngine#run@60) -------------------------- + 15
[00:06:24][FINEST](lu.pcy113.pdr.engine.GameEngine#run@69) start: 1693173984193
[00:06:24][FINEST](lu.pcy113.pdr.engine.GameEngine#run@70) timeU: 33.333332
[00:06:24][FINEST](lu.pcy113.pdr.engine.GameEngine#run@71) timeR: 16.666666
[00:06:24][FINEST](lu.pcy113.pdr.engine.GameEngine#run@72) dUpdate: 0.51
[00:06:24][FINEST](lu.pcy113.pdr.engine.GameEngine#run@73) dFps: 1.02
[00:06:24][FINEST](lu.pcy113.pdr.engine.GameEngine#run@74) updateTime: 1693173984177
[00:06:24][FINEST](lu.pcy113.pdr.engine.GameEngine#run@75) now: 1693173984194
[00:06:24][FINEST](lu.pcy113.pdr.client.game.PDRClientGame#input@48) <- lu.pcy113.pdr.engine.GameEngine#run@78
[00:06:24][FINEST](lu.pcy113.pdr.engine.graph.Renderer#render@33) <- lu.pcy113.pdr.engine.GameEngine#run@90
